0 verbose cli /opt/homebrew/Cellar/node/23.11.0/bin/node /opt/homebrew/bin/npm
1 info using npm@10.9.2
2 info using node@v23.11.0
3 silly config load:file:/opt/homebrew/lib/node_modules/npm/npmrc
4 silly config load:file:/Users/adityarawat/Desktop/github project/frontend/.npmrc
5 silly config load:file:/Users/adityarawat/.npmrc
6 silly config load:file:/opt/homebrew/etc/npmrc
7 verbose title npm install recharts axios
8 verbose argv "install" "recharts" "axios"
9 verbose logfile logs-max:10 dir:/Users/adityarawat/Desktop/github project/.npm-cache/_logs/2025-11-20T17_41_29_676Z-
10 verbose logfile /Users/adityarawat/Desktop/github project/.npm-cache/_logs/2025-11-20T17_41_29_676Z-debug-0.log
11 silly logfile done cleaning log files
12 silly packumentCache heap:4345298944 maxSize:1086324736 maxEntrySize:543162368
13 silly idealTree buildDeps
14 silly fetch manifest recharts@*
15 silly packumentCache full:https://registry.npmjs.org/recharts cache-miss
16 http fetch GET 200 https://registry.npmjs.org/recharts 252ms (cache miss)
17 silly packumentCache full:https://registry.npmjs.org/recharts set size:undefined disposed:false
18 silly fetch manifest react@19.2.0
19 silly packumentCache full:https://registry.npmjs.org/react cache-miss
20 http cache https://registry.npmjs.org/react 15ms (cache hit)
21 silly packumentCache full:https://registry.npmjs.org/react set size:6279916 disposed:false
22 silly fetch manifest react-dom@19.2.0
23 silly packumentCache full:https://registry.npmjs.org/react-dom cache-miss
24 http cache https://registry.npmjs.org/react-dom 18ms (cache hit)
25 silly packumentCache full:https://registry.npmjs.org/react-dom set size:8233325 disposed:false
26 silly fetch manifest react-is@^16.8.0 || ^17.0.0 || ^18.0.0 || ^19.0.0
27 silly packumentCache full:https://registry.npmjs.org/react-is cache-miss
28 http cache https://registry.npmjs.org/react-is 15ms (cache hit)
29 silly packumentCache full:https://registry.npmjs.org/react-is set size:5092331 disposed:false
30 silly fetch manifest axios@*
31 silly packumentCache full:https://registry.npmjs.org/axios cache-miss
32 http fetch GET 200 https://registry.npmjs.org/axios 114ms (cache miss)
33 silly packumentCache full:https://registry.npmjs.org/axios set size:undefined disposed:false
34 silly placeDep ROOT axios@1.13.2 OK for: frontend@0.1.0 want: *
35 silly placeDep ROOT recharts@3.4.1 OK for: frontend@0.1.0 want: *
36 silly fetch manifest follow-redirects@^1.15.6
37 silly packumentCache full:https://registry.npmjs.org/follow-redirects cache-miss
38 silly fetch manifest form-data@^4.0.4
39 silly packumentCache full:https://registry.npmjs.org/form-data cache-miss
40 silly fetch manifest proxy-from-env@^1.1.0
41 silly packumentCache full:https://registry.npmjs.org/proxy-from-env cache-miss
42 silly fetch manifest @reduxjs/toolkit@1.x.x || 2.x.x
43 silly packumentCache full:https://registry.npmjs.org/@reduxjs%2ftoolkit cache-miss
44 silly fetch manifest clsx@^2.1.1
45 silly packumentCache full:https://registry.npmjs.org/clsx cache-miss
46 silly fetch manifest decimal.js-light@^2.5.1
47 silly packumentCache full:https://registry.npmjs.org/decimal.js-light cache-miss
48 silly fetch manifest es-toolkit@^1.39.3
49 silly packumentCache full:https://registry.npmjs.org/es-toolkit cache-miss
50 silly fetch manifest eventemitter3@^5.0.1
51 silly packumentCache full:https://registry.npmjs.org/eventemitter3 cache-miss
52 silly fetch manifest immer@^10.1.1
53 silly packumentCache full:https://registry.npmjs.org/immer cache-miss
54 http fetch GET 200 https://registry.npmjs.org/follow-redirects 142ms (cache miss)
55 silly packumentCache full:https://registry.npmjs.org/follow-redirects set size:undefined disposed:false
56 silly fetch manifest react-redux@8.x.x || 9.x.x
57 silly packumentCache full:https://registry.npmjs.org/react-redux cache-miss
58 http fetch GET 200 https://registry.npmjs.org/decimal.js-light 217ms (cache miss)
59 silly packumentCache full:https://registry.npmjs.org/decimal.js-light set size:undefined disposed:false
60 silly fetch manifest reselect@5.1.1
61 silly packumentCache full:https://registry.npmjs.org/reselect cache-miss
62 http fetch GET 200 https://registry.npmjs.org/proxy-from-env 220ms (cache miss)
63 silly packumentCache full:https://registry.npmjs.org/proxy-from-env set size:undefined disposed:false
64 silly fetch manifest tiny-invariant@^1.3.3
65 silly packumentCache full:https://registry.npmjs.org/tiny-invariant cache-miss
66 http fetch GET 200 https://registry.npmjs.org/clsx 221ms (cache miss)
67 silly packumentCache full:https://registry.npmjs.org/clsx set size:undefined disposed:false
68 silly fetch manifest use-sync-external-store@^1.2.2
69 silly packumentCache full:https://registry.npmjs.org/use-sync-external-store cache-miss
70 http fetch GET 200 https://registry.npmjs.org/eventemitter3 223ms (cache miss)
71 silly packumentCache full:https://registry.npmjs.org/eventemitter3 set size:undefined disposed:false
72 silly fetch manifest victory-vendor@^37.0.2
73 silly packumentCache full:https://registry.npmjs.org/victory-vendor cache-miss
74 http fetch GET 200 https://registry.npmjs.org/react-redux 87ms (cache miss)
75 silly packumentCache full:https://registry.npmjs.org/react-redux set size:undefined disposed:false
76 http fetch GET 200 https://registry.npmjs.org/@reduxjs%2ftoolkit 238ms (cache miss)
77 silly packumentCache full:https://registry.npmjs.org/@reduxjs%2ftoolkit set size:undefined disposed:false
78 http fetch GET 200 https://registry.npmjs.org/form-data 246ms (cache miss)
79 silly packumentCache full:https://registry.npmjs.org/form-data set size:undefined disposed:false
80 http fetch GET 200 https://registry.npmjs.org/immer 246ms (cache miss)
81 silly packumentCache full:https://registry.npmjs.org/immer set size:undefined disposed:false
82 http fetch GET 200 https://registry.npmjs.org/tiny-invariant 45ms (cache miss)
83 silly packumentCache full:https://registry.npmjs.org/tiny-invariant set size:undefined disposed:false
84 http fetch GET 200 https://registry.npmjs.org/victory-vendor 48ms (cache miss)
85 silly packumentCache full:https://registry.npmjs.org/victory-vendor set size:undefined disposed:false
86 http fetch GET 200 https://registry.npmjs.org/reselect 72ms (cache miss)
87 silly packumentCache full:https://registry.npmjs.org/reselect set size:undefined disposed:false
88 http fetch GET 200 https://registry.npmjs.org/es-toolkit 307ms (cache miss)
89 silly packumentCache full:https://registry.npmjs.org/es-toolkit set size:undefined disposed:false
90 http fetch GET 200 https://registry.npmjs.org/use-sync-external-store 148ms (cache miss)
91 silly packumentCache full:https://registry.npmjs.org/use-sync-external-store set size:undefined disposed:false
92 silly placeDep ROOT follow-redirects@1.15.11 OK for: axios@1.13.2 want: ^1.15.6
93 silly placeDep ROOT form-data@4.0.5 OK for: axios@1.13.2 want: ^4.0.4
94 silly placeDep ROOT proxy-from-env@1.1.0 OK for: axios@1.13.2 want: ^1.1.0
95 silly fetch manifest asynckit@^0.4.0
96 silly packumentCache full:https://registry.npmjs.org/asynckit cache-miss
97 silly fetch manifest combined-stream@^1.0.8
98 silly packumentCache full:https://registry.npmjs.org/combined-stream cache-miss
99 silly fetch manifest mime-types@^2.1.12
100 silly packumentCache full:https://registry.npmjs.org/mime-types cache-miss
101 http fetch GET 200 https://registry.npmjs.org/mime-types 118ms (cache miss)
102 silly packumentCache full:https://registry.npmjs.org/mime-types set size:undefined disposed:false
103 http fetch GET 200 https://registry.npmjs.org/asynckit 128ms (cache miss)
104 silly packumentCache full:https://registry.npmjs.org/asynckit set size:undefined disposed:false
105 http fetch GET 200 https://registry.npmjs.org/combined-stream 129ms (cache miss)
106 silly packumentCache full:https://registry.npmjs.org/combined-stream set size:undefined disposed:false
107 silly placeDep ROOT asynckit@0.4.0 OK for: form-data@4.0.5 want: ^0.4.0
108 silly placeDep ROOT combined-stream@1.0.8 OK for: form-data@4.0.5 want: ^1.0.8
109 silly placeDep ROOT mime-types@2.1.35 OK for: form-data@4.0.5 want: ^2.1.12
110 silly fetch manifest delayed-stream@~1.0.0
111 silly packumentCache full:https://registry.npmjs.org/delayed-stream cache-miss
112 silly fetch manifest mime-db@1.52.0
113 silly packumentCache full:https://registry.npmjs.org/mime-db cache-miss
114 http fetch GET 200 https://registry.npmjs.org/delayed-stream 43ms (cache miss)
115 silly packumentCache full:https://registry.npmjs.org/delayed-stream set size:undefined disposed:false
116 http fetch GET 200 https://registry.npmjs.org/mime-db 52ms (cache miss)
117 silly packumentCache full:https://registry.npmjs.org/mime-db set size:undefined disposed:false
118 silly placeDep ROOT delayed-stream@1.0.0 OK for: combined-stream@1.0.8 want: ~1.0.0
119 silly placeDep ROOT mime-db@1.52.0 OK for: mime-types@2.1.35 want: 1.52.0
120 silly fetch manifest react@^16.8.0 || ^17.0.0 || ^18.0.0 || ^19.0.0
121 silly packumentCache full:https://registry.npmjs.org/react cache-miss
122 http cache https://registry.npmjs.org/react 11ms (cache hit)
123 silly packumentCache full:https://registry.npmjs.org/react set size:6279916 disposed:false
124 silly fetch manifest @types/react@^18.2.25 || ^19
125 silly packumentCache full:https://registry.npmjs.org/@types%2freact cache-miss
126 http cache https://registry.npmjs.org/@types%2freact 7ms (cache hit)
127 silly packumentCache full:https://registry.npmjs.org/@types%2freact set size:2537352 disposed:false
128 silly fetch manifest redux@^5.0.0
129 silly packumentCache full:https://registry.npmjs.org/redux cache-miss
130 http fetch GET 200 https://registry.npmjs.org/redux 124ms (cache miss)
131 silly packumentCache full:https://registry.npmjs.org/redux set size:undefined disposed:false
132 silly placeDep ROOT @reduxjs/toolkit@2.10.1 OK for: recharts@3.4.1 want: 1.x.x || 2.x.x
133 silly placeDep ROOT clsx@2.1.1 OK for: recharts@3.4.1 want: ^2.1.1
134 silly placeDep ROOT decimal.js-light@2.5.1 OK for: recharts@3.4.1 want: ^2.5.1
135 silly placeDep ROOT es-toolkit@1.42.0 OK for: recharts@3.4.1 want: ^1.39.3
136 silly placeDep ROOT eventemitter3@5.0.1 OK for: recharts@3.4.1 want: ^5.0.1
137 silly placeDep ROOT immer@10.2.0 OK for: recharts@3.4.1 want: ^10.1.1
138 silly placeDep ROOT react-redux@9.2.0 OK for: recharts@3.4.1 want: 8.x.x || 9.x.x
139 silly placeDep ROOT reselect@5.1.1 OK for: recharts@3.4.1 want: 5.1.1
140 silly placeDep ROOT tiny-invariant@1.3.3 OK for: recharts@3.4.1 want: ^1.3.3
141 silly placeDep ROOT use-sync-external-store@1.6.0 OK for: recharts@3.4.1 want: ^1.2.2
142 silly placeDep ROOT victory-vendor@37.3.6 OK for: recharts@3.4.1 want: ^37.0.2
143 silly fetch manifest @standard-schema/spec@^1.0.0
144 silly packumentCache full:https://registry.npmjs.org/@standard-schema%2fspec cache-miss
145 silly fetch manifest @standard-schema/utils@^0.3.0
146 silly packumentCache full:https://registry.npmjs.org/@standard-schema%2futils cache-miss
147 silly fetch manifest immer@^10.2.0
148 silly packumentCache full:https://registry.npmjs.org/immer cache-miss
149 silly fetch manifest redux@^5.0.1
150 silly packumentCache full:https://registry.npmjs.org/redux cache-miss
151 silly fetch manifest redux-thunk@^3.1.0
152 silly packumentCache full:https://registry.npmjs.org/redux-thunk cache-miss
153 silly fetch manifest reselect@^5.1.0
154 silly packumentCache full:https://registry.npmjs.org/reselect cache-miss
155 silly fetch manifest @types/use-sync-external-store@^0.0.6
156 silly packumentCache full:https://registry.npmjs.org/@types%2fuse-sync-external-store cache-miss
157 silly fetch manifest use-sync-external-store@^1.4.0
158 silly packumentCache full:https://registry.npmjs.org/use-sync-external-store cache-miss
159 silly fetch manifest @types/d3-array@^3.0.3
160 silly packumentCache full:https://registry.npmjs.org/@types%2fd3-array cache-miss
161 http cache https://registry.npmjs.org/immer 6ms (cache hit)
162 silly packumentCache full:https://registry.npmjs.org/immer set size:726169 disposed:false
163 silly fetch manifest @types/d3-ease@^3.0.0
164 silly packumentCache full:https://registry.npmjs.org/@types%2fd3-ease cache-miss
165 http cache https://registry.npmjs.org/reselect 11ms (cache hit)
166 silly packumentCache full:https://registry.npmjs.org/reselect set size:910470 disposed:false
167 silly fetch manifest @types/d3-interpolate@^3.0.1
168 silly packumentCache full:https://registry.npmjs.org/@types%2fd3-interpolate cache-miss
169 http cache https://registry.npmjs.org/use-sync-external-store 21ms (cache hit)
170 silly packumentCache full:https://registry.npmjs.org/use-sync-external-store set size:4293516 disposed:false
171 silly fetch manifest @types/d3-scale@^4.0.2
172 silly packumentCache full:https://registry.npmjs.org/@types%2fd3-scale cache-miss
173 http cache https://registry.npmjs.org/redux 38ms (cache hit)
174 silly packumentCache full:https://registry.npmjs.org/redux set size:553833 disposed:false
175 silly fetch manifest @types/d3-shape@^3.1.0
176 silly packumentCache full:https://registry.npmjs.org/@types%2fd3-shape cache-miss
177 http fetch GET 200 https://registry.npmjs.org/redux-thunk 43ms (cache miss)
178 silly packumentCache full:https://registry.npmjs.org/redux-thunk set size:undefined disposed:false
179 silly fetch manifest @types/d3-time@^3.0.0
180 silly packumentCache full:https://registry.npmjs.org/@types%2fd3-time cache-miss
181 http fetch GET 200 https://registry.npmjs.org/@standard-schema%2fspec 60ms (cache miss)
182 silly packumentCache full:https://registry.npmjs.org/@standard-schema%2fspec set size:undefined disposed:false
183 silly fetch manifest @types/d3-timer@^3.0.0
184 silly packumentCache full:https://registry.npmjs.org/@types%2fd3-timer cache-miss
185 http fetch GET 200 https://registry.npmjs.org/@types%2fuse-sync-external-store 64ms (cache miss)
186 silly packumentCache full:https://registry.npmjs.org/@types%2fuse-sync-external-store set size:undefined disposed:false
187 silly fetch manifest d3-array@^3.1.6
188 silly packumentCache full:https://registry.npmjs.org/d3-array cache-miss
189 http fetch GET 200 https://registry.npmjs.org/@standard-schema%2futils 66ms (cache miss)
190 silly packumentCache full:https://registry.npmjs.org/@standard-schema%2futils set size:undefined disposed:false
191 silly fetch manifest d3-ease@^3.0.1
192 silly packumentCache full:https://registry.npmjs.org/d3-ease cache-miss
193 http fetch GET 200 https://registry.npmjs.org/@types%2fd3-array 66ms (cache miss)
194 silly packumentCache full:https://registry.npmjs.org/@types%2fd3-array set size:undefined disposed:false
195 silly fetch manifest d3-interpolate@^3.0.1
196 silly packumentCache full:https://registry.npmjs.org/d3-interpolate cache-miss
197 http fetch GET 200 https://registry.npmjs.org/@types%2fd3-ease 79ms (cache miss)
198 silly packumentCache full:https://registry.npmjs.org/@types%2fd3-ease set size:undefined disposed:false
199 silly fetch manifest d3-scale@^4.0.2
200 silly packumentCache full:https://registry.npmjs.org/d3-scale cache-miss
201 http fetch GET 200 https://registry.npmjs.org/@types%2fd3-interpolate 75ms (cache miss)
202 silly packumentCache full:https://registry.npmjs.org/@types%2fd3-interpolate set size:undefined disposed:false
203 silly fetch manifest d3-shape@^3.1.0
204 silly packumentCache full:https://registry.npmjs.org/d3-shape cache-miss
205 http fetch GET 200 https://registry.npmjs.org/@types%2fd3-shape 57ms (cache miss)
206 silly packumentCache full:https://registry.npmjs.org/@types%2fd3-shape set size:undefined disposed:false
207 silly fetch manifest d3-time@^3.0.0
208 silly packumentCache full:https://registry.npmjs.org/d3-time cache-miss
209 http fetch GET 200 https://registry.npmjs.org/@types%2fd3-scale 66ms (cache miss)
210 silly packumentCache full:https://registry.npmjs.org/@types%2fd3-scale set size:undefined disposed:false
211 silly fetch manifest d3-timer@^3.0.1
212 silly packumentCache full:https://registry.npmjs.org/d3-timer cache-miss
213 http fetch GET 200 https://registry.npmjs.org/@types%2fd3-timer 44ms (cache miss)
214 silly packumentCache full:https://registry.npmjs.org/@types%2fd3-timer set size:undefined disposed:false
215 http fetch GET 200 https://registry.npmjs.org/@types%2fd3-time 62ms (cache miss)
216 silly packumentCache full:https://registry.npmjs.org/@types%2fd3-time set size:undefined disposed:false
217 http fetch GET 200 https://registry.npmjs.org/d3-ease 42ms (cache miss)
218 silly packumentCache full:https://registry.npmjs.org/d3-ease set size:undefined disposed:false
219 http fetch GET 200 https://registry.npmjs.org/d3-interpolate 43ms (cache miss)
220 silly packumentCache full:https://registry.npmjs.org/d3-interpolate set size:undefined disposed:false
221 http fetch GET 200 https://registry.npmjs.org/d3-array 63ms (cache miss)
222 silly packumentCache full:https://registry.npmjs.org/d3-array set size:undefined disposed:false
223 http fetch GET 200 https://registry.npmjs.org/d3-timer 126ms (cache miss)
224 silly packumentCache full:https://registry.npmjs.org/d3-timer set size:undefined disposed:false
225 http fetch GET 200 https://registry.npmjs.org/d3-time 130ms (cache miss)
226 silly packumentCache full:https://registry.npmjs.org/d3-time set size:undefined disposed:false
227 http fetch GET 200 https://registry.npmjs.org/d3-shape 140ms (cache miss)
228 silly packumentCache full:https://registry.npmjs.org/d3-shape set size:undefined disposed:false
229 http fetch GET 200 https://registry.npmjs.org/d3-scale 142ms (cache miss)
230 silly packumentCache full:https://registry.npmjs.org/d3-scale set size:undefined disposed:false
231 silly placeDep ROOT @standard-schema/spec@1.0.0 OK for: @reduxjs/toolkit@2.10.1 want: ^1.0.0
232 silly placeDep ROOT @standard-schema/utils@0.3.0 OK for: @reduxjs/toolkit@2.10.1 want: ^0.3.0
233 silly placeDep ROOT redux@5.0.1 OK for: @reduxjs/toolkit@2.10.1 want: ^5.0.1
234 silly placeDep ROOT redux-thunk@3.1.0 OK for: @reduxjs/toolkit@2.10.1 want: ^3.1.0
235 silly placeDep ROOT @types/use-sync-external-store@0.0.6 OK for: react-redux@9.2.0 want: ^0.0.6
236 silly placeDep ROOT @types/d3-array@3.2.2 OK for: victory-vendor@37.3.6 want: ^3.0.3
237 silly placeDep ROOT @types/d3-ease@3.0.2 OK for: victory-vendor@37.3.6 want: ^3.0.0
238 silly placeDep ROOT @types/d3-interpolate@3.0.4 OK for: victory-vendor@37.3.6 want: ^3.0.1
239 silly placeDep ROOT @types/d3-scale@4.0.9 OK for: victory-vendor@37.3.6 want: ^4.0.2
240 silly placeDep ROOT @types/d3-shape@3.1.7 OK for: victory-vendor@37.3.6 want: ^3.1.0
241 silly placeDep ROOT @types/d3-time@3.0.4 OK for: victory-vendor@37.3.6 want: ^3.0.0
242 silly placeDep ROOT @types/d3-timer@3.0.2 OK for: victory-vendor@37.3.6 want: ^3.0.0
243 silly placeDep ROOT d3-array@3.2.4 OK for: victory-vendor@37.3.6 want: ^3.1.6
244 silly placeDep ROOT d3-ease@3.0.1 OK for: victory-vendor@37.3.6 want: ^3.0.1
245 silly placeDep ROOT d3-interpolate@3.0.1 OK for: victory-vendor@37.3.6 want: ^3.0.1
246 silly placeDep ROOT d3-scale@4.0.2 OK for: victory-vendor@37.3.6 want: ^4.0.2
247 silly placeDep ROOT d3-shape@3.2.0 OK for: victory-vendor@37.3.6 want: ^3.1.0
248 silly placeDep ROOT d3-time@3.1.0 OK for: victory-vendor@37.3.6 want: ^3.0.0
249 silly placeDep ROOT d3-timer@3.0.1 OK for: victory-vendor@37.3.6 want: ^3.0.1
250 silly fetch manifest @types/d3-color@*
251 silly packumentCache full:https://registry.npmjs.org/@types%2fd3-color cache-miss
252 silly fetch manifest @types/d3-time@*
253 silly packumentCache full:https://registry.npmjs.org/@types%2fd3-time cache-miss
254 silly fetch manifest @types/d3-path@*
255 silly packumentCache full:https://registry.npmjs.org/@types%2fd3-path cache-miss
256 silly fetch manifest internmap@1 - 2
257 silly packumentCache full:https://registry.npmjs.org/internmap cache-miss
258 silly fetch manifest d3-color@1 - 3
259 silly packumentCache full:https://registry.npmjs.org/d3-color cache-miss
260 silly fetch manifest d3-format@1 - 3
261 silly packumentCache full:https://registry.npmjs.org/d3-format cache-miss
262 silly fetch manifest d3-time@2.1.1 - 3
263 silly packumentCache full:https://registry.npmjs.org/d3-time cache-miss
264 silly fetch manifest d3-time-format@2 - 4
265 silly packumentCache full:https://registry.npmjs.org/d3-time-format cache-miss
266 silly fetch manifest d3-path@^3.1.0
267 silly packumentCache full:https://registry.npmjs.org/d3-path cache-miss
268 http cache https://registry.npmjs.org/@types%2fd3-time 5ms (cache hit)
269 silly packumentCache full:https://registry.npmjs.org/@types%2fd3-time set size:52652 disposed:false
270 http cache https://registry.npmjs.org/d3-time 6ms (cache hit)
271 silly packumentCache full:https://registry.npmjs.org/d3-time set size:150406 disposed:false
272 http fetch GET 200 https://registry.npmjs.org/internmap 47ms (cache miss)
273 silly packumentCache full:https://registry.npmjs.org/internmap set size:undefined disposed:false
274 http fetch GET 200 https://registry.npmjs.org/d3-path 47ms (cache miss)
275 silly packumentCache full:https://registry.npmjs.org/d3-path set size:undefined disposed:false
276 http fetch GET 200 https://registry.npmjs.org/d3-color 49ms (cache miss)
277 silly packumentCache full:https://registry.npmjs.org/d3-color set size:undefined disposed:false
278 http fetch GET 200 https://registry.npmjs.org/d3-time-format 50ms (cache miss)
279 silly packumentCache full:https://registry.npmjs.org/d3-time-format set size:undefined disposed:false
280 http fetch GET 200 https://registry.npmjs.org/@types%2fd3-path 67ms (cache miss)
281 silly packumentCache full:https://registry.npmjs.org/@types%2fd3-path set size:undefined disposed:false
282 http fetch GET 200 https://registry.npmjs.org/d3-format 68ms (cache miss)
283 silly packumentCache full:https://registry.npmjs.org/d3-format set size:undefined disposed:false
284 http fetch GET 200 https://registry.npmjs.org/@types%2fd3-color 180ms (cache miss)
285 silly packumentCache full:https://registry.npmjs.org/@types%2fd3-color set size:undefined disposed:false
286 silly placeDep ROOT @types/d3-color@3.1.3 OK for: @types/d3-interpolate@3.0.4 want: *
287 silly placeDep ROOT @types/d3-path@3.1.1 OK for: @types/d3-shape@3.1.7 want: *
288 silly placeDep ROOT internmap@2.0.3 OK for: d3-array@3.2.4 want: 1 - 2
289 silly placeDep ROOT d3-color@3.1.0 OK for: d3-interpolate@3.0.1 want: 1 - 3
290 silly placeDep ROOT d3-format@3.1.0 OK for: d3-scale@4.0.2 want: 1 - 3
291 silly placeDep ROOT d3-time-format@4.1.0 OK for: d3-scale@4.0.2 want: 2 - 4
292 silly placeDep ROOT d3-path@3.1.0 OK for: d3-shape@3.2.0 want: ^3.1.0
293 silly reify moves {}
294 verbose reify failed optional dependency /Users/adityarawat/Desktop/github project/frontend/node_modules/@tailwindcss/oxide-wasm32-wasi
295 silly reify mark deleted [
295 silly reify   '/Users/adityarawat/Desktop/github project/frontend/node_modules/@tailwindcss/oxide-wasm32-wasi'
295 silly reify ]
296 silly audit bulk request {
296 silly audit   '@alloc/quick-lru': [ '5.2.0' ],
296 silly audit   '@babel/code-frame': [ '7.27.1' ],
296 silly audit   '@babel/compat-data': [ '7.28.5' ],
296 silly audit   '@babel/core': [ '7.28.5' ],
296 silly audit   '@babel/generator': [ '7.28.5' ],
296 silly audit   '@babel/helper-compilation-targets': [ '7.27.2' ],
296 silly audit   '@babel/helper-globals': [ '7.28.0' ],
296 silly audit   '@babel/helper-module-imports': [ '7.27.1' ],
296 silly audit   '@babel/helper-module-transforms': [ '7.28.3' ],
296 silly audit   '@babel/helper-string-parser': [ '7.27.1' ],
296 silly audit   '@babel/helper-validator-identifier': [ '7.28.5' ],
296 silly audit   '@babel/helper-validator-option': [ '7.27.1' ],
296 silly audit   '@babel/helpers': [ '7.28.4' ],
296 silly audit   '@babel/parser': [ '7.28.5' ],
296 silly audit   '@babel/template': [ '7.27.2' ],
296 silly audit   '@babel/traverse': [ '7.28.5' ],
296 silly audit   '@babel/types': [ '7.28.5' ],
296 silly audit   '@emnapi/core': [ '1.7.1' ],
296 silly audit   '@emnapi/runtime': [ '1.7.1' ],
296 silly audit   '@emnapi/wasi-threads': [ '1.1.0' ],
296 silly audit   '@eslint-community/eslint-utils': [ '4.9.0' ],
296 silly audit   'eslint-visitor-keys': [ '3.4.3', '4.2.1' ],
296 silly audit   '@eslint-community/regexpp': [ '4.12.2' ],
296 silly audit   '@eslint/config-array': [ '0.21.1' ],
296 silly audit   '@eslint/config-helpers': [ '0.4.2' ],
296 silly audit   '@eslint/core': [ '0.17.0' ],
296 silly audit   '@eslint/eslintrc': [ '3.3.1' ],
296 silly audit   '@eslint/js': [ '9.39.1' ],
296 silly audit   '@eslint/object-schema': [ '2.1.7' ],
296 silly audit   '@eslint/plugin-kit': [ '0.4.1' ],
296 silly audit   '@humanfs/core': [ '0.19.1' ],
296 silly audit   '@humanfs/node': [ '0.16.7' ],
296 silly audit   '@humanwhocodes/module-importer': [ '1.0.1' ],
296 silly audit   '@humanwhocodes/retry': [ '0.4.3' ],
296 silly audit   '@img/colour': [ '1.0.0' ],
296 silly audit   '@img/sharp-darwin-arm64': [ '0.34.5' ],
296 silly audit   '@img/sharp-darwin-x64': [ '0.34.5' ],
296 silly audit   '@img/sharp-libvips-darwin-arm64': [ '1.2.4' ],
296 silly audit   '@img/sharp-libvips-darwin-x64': [ '1.2.4' ],
296 silly audit   '@img/sharp-libvips-linux-arm': [ '1.2.4' ],
296 silly audit   '@img/sharp-libvips-linux-arm64': [ '1.2.4' ],
296 silly audit   '@img/sharp-libvips-linux-ppc64': [ '1.2.4' ],
296 silly audit   '@img/sharp-libvips-linux-riscv64': [ '1.2.4' ],
296 silly audit   '@img/sharp-libvips-linux-s390x': [ '1.2.4' ],
296 silly audit   '@img/sharp-libvips-linux-x64': [ '1.2.4' ],
296 silly audit   '@img/sharp-libvips-linuxmusl-arm64': [ '1.2.4' ],
296 silly audit   '@img/sharp-libvips-linuxmusl-x64': [ '1.2.4' ],
296 silly audit   '@img/sharp-linux-arm': [ '0.34.5' ],
296 silly audit   '@img/sharp-linux-arm64': [ '0.34.5' ],
296 silly audit   '@img/sharp-linux-ppc64': [ '0.34.5' ],
296 silly audit   '@img/sharp-linux-riscv64': [ '0.34.5' ],
296 silly audit   '@img/sharp-linux-s390x': [ '0.34.5' ],
296 silly audit   '@img/sharp-linux-x64': [ '0.34.5' ],
296 silly audit   '@img/sharp-linuxmusl-arm64': [ '0.34.5' ],
296 silly audit   '@img/sharp-linuxmusl-x64': [ '0.34.5' ],
296 silly audit   '@img/sharp-wasm32': [ '0.34.5' ],
296 silly audit   '@img/sharp-win32-arm64': [ '0.34.5' ],
296 silly audit   '@img/sharp-win32-ia32': [ '0.34.5' ],
296 silly audit   '@img/sharp-win32-x64': [ '0.34.5' ],
296 silly audit   '@jridgewell/gen-mapping': [ '0.3.13' ],
296 silly audit   '@jridgewell/remapping': [ '2.3.5' ],
296 silly audit   '@jridgewell/resolve-uri': [ '3.1.2' ],
296 silly audit   '@jridgewell/sourcemap-codec': [ '1.5.5' ],
296 silly audit   '@jridgewell/trace-mapping': [ '0.3.31' ],
296 silly audit   '@napi-rs/wasm-runtime': [ '0.2.12' ],
296 silly audit   '@next/env': [ '16.0.3' ],
296 silly audit   '@next/eslint-plugin-next': [ '16.0.3' ],
296 silly audit   '@next/swc-darwin-arm64': [ '16.0.3' ],
296 silly audit   '@next/swc-darwin-x64': [ '16.0.3' ],
296 silly audit   '@next/swc-linux-arm64-gnu': [ '16.0.3' ],
296 silly audit   '@next/swc-linux-arm64-musl': [ '16.0.3' ],
296 silly audit   '@next/swc-linux-x64-gnu': [ '16.0.3' ],
296 silly audit   '@next/swc-linux-x64-musl': [ '16.0.3' ],
296 silly audit   '@next/swc-win32-arm64-msvc': [ '16.0.3' ],
296 silly audit   '@next/swc-win32-x64-msvc': [ '16.0.3' ],
296 silly audit   '@nodelib/fs.scandir': [ '2.1.5' ],
296 silly audit   '@nodelib/fs.stat': [ '2.0.5' ],
296 silly audit   '@nodelib/fs.walk': [ '1.2.8' ],
296 silly audit   '@nolyfill/is-core-module': [ '1.0.39' ],
296 silly audit   '@rtsao/scc': [ '1.1.0' ],
296 silly audit   '@swc/helpers': [ '0.5.15' ],
296 silly audit   '@tailwindcss/node': [ '4.1.17' ],
296 silly audit   '@tailwindcss/oxide': [ '4.1.17' ],
296 silly audit   '@tailwindcss/oxide-android-arm64': [ '4.1.17' ],
296 silly audit   '@tailwindcss/oxide-darwin-arm64': [ '4.1.17' ],
296 silly audit   '@tailwindcss/oxide-darwin-x64': [ '4.1.17' ],
296 silly audit   '@tailwindcss/oxide-freebsd-x64': [ '4.1.17' ],
296 silly audit   '@tailwindcss/oxide-linux-arm-gnueabihf': [ '4.1.17' ],
296 silly audit   '@tailwindcss/oxide-linux-arm64-gnu': [ '4.1.17' ],
296 silly audit   '@tailwindcss/oxide-linux-arm64-musl': [ '4.1.17' ],
296 silly audit   '@tailwindcss/oxide-linux-x64-gnu': [ '4.1.17' ],
296 silly audit   '@tailwindcss/oxide-linux-x64-musl': [ '4.1.17' ],
296 silly audit   '@tailwindcss/oxide-win32-arm64-msvc': [ '4.1.17' ],
296 silly audit   '@tailwindcss/oxide-win32-x64-msvc': [ '4.1.17' ],
296 silly audit   '@tailwindcss/postcss': [ '4.1.17' ],
296 silly audit   '@tybys/wasm-util': [ '0.10.1' ],
296 silly audit   '@types/estree': [ '1.0.8' ],
296 silly audit   '@types/json-schema': [ '7.0.15' ],
296 silly audit   '@types/json5': [ '0.0.29' ],
296 silly audit   '@types/node': [ '20.19.25' ],
296 silly audit   '@types/react': [ '19.2.6' ],
296 silly audit   '@types/react-dom': [ '19.2.3' ],
296 silly audit   '@typescript-eslint/eslint-plugin': [ '8.47.0' ],
296 silly audit   ignore: [ '7.0.5', '5.3.2' ],
296 silly audit   '@typescript-eslint/parser': [ '8.47.0' ],
296 silly audit   '@typescript-eslint/project-service': [ '8.47.0' ],
296 silly audit   '@typescript-eslint/scope-manager': [ '8.47.0' ],
296 silly audit   '@typescript-eslint/tsconfig-utils': [ '8.47.0' ],
296 silly audit   '@typescript-eslint/type-utils': [ '8.47.0' ],
296 silly audit   '@typescript-eslint/types': [ '8.47.0' ],
296 silly audit   '@typescript-eslint/typescript-estree': [ '8.47.0' ],
296 silly audit   'brace-expansion': [ '2.0.2', '1.1.12' ],
296 silly audit   'fast-glob': [ '3.3.3', '3.3.1' ],
296 silly audit   'glob-parent': [ '5.1.2', '6.0.2' ],
296 silly audit   minimatch: [ '9.0.5', '3.1.2' ],
296 silly audit   semver: [ '7.7.3', '6.3.1' ],
296 silly audit   '@typescript-eslint/utils': [ '8.47.0' ],
296 silly audit   '@typescript-eslint/visitor-keys': [ '8.47.0' ],
296 silly audit   '@unrs/resolver-binding-android-arm-eabi': [ '1.11.1' ],
296 silly audit   '@unrs/resolver-binding-android-arm64': [ '1.11.1' ],
296 silly audit   '@unrs/resolver-binding-darwin-arm64': [ '1.11.1' ],
296 silly audit   '@unrs/resolver-binding-darwin-x64': [ '1.11.1' ],
296 silly audit   '@unrs/resolver-binding-freebsd-x64': [ '1.11.1' ],
296 silly audit   '@unrs/resolver-binding-linux-arm-gnueabihf': [ '1.11.1' ],
296 silly audit   '@unrs/resolver-binding-linux-arm-musleabihf': [ '1.11.1' ],
296 silly audit   '@unrs/resolver-binding-linux-arm64-gnu': [ '1.11.1' ],
296 silly audit   '@unrs/resolver-binding-linux-arm64-musl': [ '1.11.1' ],
296 silly audit   '@unrs/resolver-binding-linux-ppc64-gnu': [ '1.11.1' ],
296 silly audit   '@unrs/resolver-binding-linux-riscv64-gnu': [ '1.11.1' ],
296 silly audit   '@unrs/resolver-binding-linux-riscv64-musl': [ '1.11.1' ],
296 silly audit   '@unrs/resolver-binding-linux-s390x-gnu': [ '1.11.1' ],
296 silly audit   '@unrs/resolver-binding-linux-x64-gnu': [ '1.11.1' ],
296 silly audit   '@unrs/resolver-binding-linux-x64-musl': [ '1.11.1' ],
296 silly audit   '@unrs/resolver-binding-wasm32-wasi': [ '1.11.1' ],
296 silly audit   '@unrs/resolver-binding-win32-arm64-msvc': [ '1.11.1' ],
296 silly audit   '@unrs/resolver-binding-win32-ia32-msvc': [ '1.11.1' ],
296 silly audit   '@unrs/resolver-binding-win32-x64-msvc': [ '1.11.1' ],
296 silly audit   acorn: [ '8.15.0' ],
296 silly audit   'acorn-jsx': [ '5.3.2' ],
296 silly audit   ajv: [ '6.12.6' ],
296 silly audit   'ansi-styles': [ '4.3.0' ],
296 silly audit   argparse: [ '2.0.1' ],
296 silly audit   'aria-query': [ '5.3.2' ],
296 silly audit   'array-buffer-byte-length': [ '1.0.2' ],
296 silly audit   'array-includes': [ '3.1.9' ],
296 silly audit   'array.prototype.findlast': [ '1.2.5' ],
296 silly audit   'array.prototype.findlastindex': [ '1.2.6' ],
296 silly audit   'array.prototype.flat': [ '1.3.3' ],
296 silly audit   'array.prototype.flatmap': [ '1.3.3' ],
296 silly audit   'array.prototype.tosorted': [ '1.1.4' ],
296 silly audit   'arraybuffer.prototype.slice': [ '1.0.4' ],
296 silly audit   'ast-types-flow': [ '0.0.8' ],
296 silly audit   'async-function': [ '1.0.0' ],
296 silly audit   'available-typed-arrays': [ '1.0.7' ],
296 silly audit   'axe-core': [ '4.11.0' ],
296 silly audit   'axobject-query': [ '4.1.0' ],
296 silly audit   'balanced-match': [ '1.0.2' ],
296 silly audit   'baseline-browser-mapping': [ '2.8.30' ],
296 silly audit   braces: [ '3.0.3' ],
296 silly audit   browserslist: [ '4.28.0' ],
296 silly audit   'call-bind': [ '1.0.8' ],
296 silly audit   'call-bind-apply-helpers': [ '1.0.2' ],
296 silly audit   'call-bound': [ '1.0.4' ],
296 silly audit   callsites: [ '3.1.0' ],
296 silly audit   'caniuse-lite': [ '1.0.30001756' ],
296 silly audit   chalk: [ '4.1.2' ],
296 silly audit   'client-only': [ '0.0.1' ],
296 silly audit   'color-convert': [ '2.0.1' ],
296 silly audit   'color-name': [ '1.1.4' ],
296 silly audit   'concat-map': [ '0.0.1' ],
296 silly audit   'convert-source-map': [ '2.0.0' ],
296 silly audit   'cross-spawn': [ '7.0.6' ],
296 silly audit   csstype: [ '3.2.3' ],
296 silly audit   'damerau-levenshtein': [ '1.0.8' ],
296 silly audit   'data-view-buffer': [ '1.0.2' ],
296 silly audit   'data-view-byte-length': [ '1.0.2' ],
296 silly audit   'data-view-byte-offset': [ '1.0.1' ],
296 silly audit   debug: [ '4.4.3', '3.2.7' ],
296 silly audit   'deep-is': [ '0.1.4' ],
296 silly audit   'define-data-property': [ '1.1.4' ],
296 silly audit   'define-properties': [ '1.2.1' ],
296 silly audit   'detect-libc': [ '2.1.2' ],
296 silly audit   doctrine: [ '2.1.0' ],
296 silly audit   'dunder-proto': [ '1.0.1' ],
296 silly audit   'electron-to-chromium': [ '1.5.258' ],
296 silly audit   'emoji-regex': [ '9.2.2' ],
296 silly audit   'enhanced-resolve': [ '5.18.3' ],
296 silly audit   'es-abstract': [ '1.24.0' ],
296 silly audit   'es-define-property': [ '1.0.1' ],
296 silly audit   'es-errors': [ '1.3.0' ],
296 silly audit   'es-iterator-helpers': [ '1.2.1' ],
296 silly audit   'es-object-atoms': [ '1.1.1' ],
296 silly audit   'es-set-tostringtag': [ '2.1.0' ],
296 silly audit   'es-shim-unscopables': [ '1.1.0' ],
296 silly audit   'es-to-primitive': [ '1.3.0' ],
296 silly audit   escalade: [ '3.2.0' ],
296 silly audit   'escape-string-regexp': [ '4.0.0' ],
296 silly audit   eslint: [ '9.39.1' ],
296 silly audit   'eslint-config-next': [ '16.0.3' ],
296 silly audit   globals: [ '16.4.0', '14.0.0' ],
296 silly audit   'eslint-import-resolver-node': [ '0.3.9' ],
296 silly audit   'eslint-import-resolver-typescript': [ '3.10.1' ],
296 silly audit   'eslint-module-utils': [ '2.12.1' ],
296 silly audit   'eslint-plugin-import': [ '2.32.0' ],
296 silly audit   'eslint-plugin-jsx-a11y': [ '6.10.2' ],
296 silly audit   'eslint-plugin-react': [ '7.37.5' ],
296 silly audit   'eslint-plugin-react-hooks': [ '7.0.1' ],
296 silly audit   resolve: [ '2.0.0-next.5', '1.22.11' ],
296 silly audit   'eslint-scope': [ '8.4.0' ],
296 silly audit   espree: [ '10.4.0' ],
296 silly audit   esquery: [ '1.6.0' ],
296 silly audit   esrecurse: [ '4.3.0' ],
296 silly audit   estraverse: [ '5.3.0' ],
296 silly audit   esutils: [ '2.0.3' ],
296 silly audit   'fast-deep-equal': [ '3.1.3' ],
296 silly audit   'fast-json-stable-stringify': [ '2.1.0' ],
296 silly audit   'fast-levenshtein': [ '2.0.6' ],
296 silly audit   fastq: [ '1.19.1' ],
296 silly audit   'file-entry-cache': [ '8.0.0' ],
296 silly audit   'fill-range': [ '7.1.1' ],
296 silly audit   'find-up': [ '5.0.0' ],
296 silly audit   'flat-cache': [ '4.0.1' ],
296 silly audit   flatted: [ '3.3.3' ],
296 silly audit   'for-each': [ '0.3.5' ],
296 silly audit   'function-bind': [ '1.1.2' ],
296 silly audit   'function.prototype.name': [ '1.1.8' ],
296 silly audit   'functions-have-names': [ '1.2.3' ],
296 silly audit   'generator-function': [ '2.0.1' ],
296 silly audit   gensync: [ '1.0.0-beta.2' ],
296 silly audit   'get-intrinsic': [ '1.3.0' ],
296 silly audit   'get-proto': [ '1.0.1' ],
296 silly audit   'get-symbol-description': [ '1.1.0' ],
296 silly audit   'get-tsconfig': [ '4.13.0' ],
296 silly audit   globalthis: [ '1.0.4' ],
296 silly audit   gopd: [ '1.2.0' ],
296 silly audit   'graceful-fs': [ '4.2.11' ],
296 silly audit   graphemer: [ '1.4.0' ],
296 silly audit   'has-bigints': [ '1.1.0' ],
296 silly audit   'has-flag': [ '4.0.0' ],
296 silly audit   'has-property-descriptors': [ '1.0.2' ],
296 silly audit   'has-proto': [ '1.2.0' ],
296 silly audit   'has-symbols': [ '1.1.0' ],
296 silly audit   'has-tostringtag': [ '1.0.2' ],
296 silly audit   hasown: [ '2.0.2' ],
296 silly audit   'hermes-estree': [ '0.25.1' ],
296 silly audit   'hermes-parser': [ '0.25.1' ],
296 silly audit   'import-fresh': [ '3.3.1' ],
296 silly audit   imurmurhash: [ '0.1.4' ],
296 silly audit   'internal-slot': [ '1.1.0' ],
296 silly audit   'is-array-buffer': [ '3.0.5' ],
296 silly audit   'is-async-function': [ '2.1.1' ],
296 silly audit   'is-bigint': [ '1.1.0' ],
296 silly audit   'is-boolean-object': [ '1.2.2' ],
296 silly audit   'is-bun-module': [ '2.0.0' ],
296 silly audit   'is-callable': [ '1.2.7' ],
296 silly audit   'is-core-module': [ '2.16.1' ],
296 silly audit   'is-data-view': [ '1.0.2' ],
296 silly audit   'is-date-object': [ '1.1.0' ],
296 silly audit   'is-extglob': [ '2.1.1' ],
296 silly audit   'is-finalizationregistry': [ '1.1.1' ],
296 silly audit   'is-generator-function': [ '1.1.2' ],
296 silly audit   'is-glob': [ '4.0.3' ],
296 silly audit   'is-map': [ '2.0.3' ],
296 silly audit   'is-negative-zero': [ '2.0.3' ],
296 silly audit   'is-number': [ '7.0.0' ],
296 silly audit   'is-number-object': [ '1.1.1' ],
296 silly audit   'is-regex': [ '1.2.1' ],
296 silly audit   'is-set': [ '2.0.3' ],
296 silly audit   'is-shared-array-buffer': [ '1.0.4' ],
296 silly audit   'is-string': [ '1.1.1' ],
296 silly audit   'is-symbol': [ '1.1.1' ],
296 silly audit   'is-typed-array': [ '1.1.15' ],
296 silly audit   'is-weakmap': [ '2.0.2' ],
296 silly audit   'is-weakref': [ '1.1.1' ],
296 silly audit   'is-weakset': [ '2.0.4' ],
296 silly audit   isarray: [ '2.0.5' ],
296 silly audit   isexe: [ '2.0.0' ],
296 silly audit   'iterator.prototype': [ '1.1.5' ],
296 silly audit   jiti: [ '2.6.1' ],
296 silly audit   'js-tokens': [ '4.0.0' ],
296 silly audit   'js-yaml': [ '4.1.1' ],
296 silly audit   jsesc: [ '3.1.0' ],
296 silly audit   'json-buffer': [ '3.0.1' ],
296 silly audit   'json-schema-traverse': [ '0.4.1' ],
296 silly audit   'json-stable-stringify-without-jsonify': [ '1.0.1' ],
296 silly audit   json5: [ '2.2.3', '1.0.2' ],
296 silly audit   'jsx-ast-utils': [ '3.3.5' ],
296 silly audit   keyv: [ '4.5.4' ],
296 silly audit   'language-subtag-registry': [ '0.3.23' ],
296 silly audit   'language-tags': [ '1.0.9' ],
296 silly audit   levn: [ '0.4.1' ],
296 silly audit   lightningcss: [ '1.30.2' ],
296 silly audit   'lightningcss-android-arm64': [ '1.30.2' ],
296 silly audit   'lightningcss-darwin-arm64': [ '1.30.2' ],
296 silly audit   'lightningcss-darwin-x64': [ '1.30.2' ],
296 silly audit   'lightningcss-freebsd-x64': [ '1.30.2' ],
296 silly audit   'lightningcss-linux-arm-gnueabihf': [ '1.30.2' ],
296 silly audit   'lightningcss-linux-arm64-gnu': [ '1.30.2' ],
296 silly audit   'lightningcss-linux-arm64-musl': [ '1.30.2' ],
296 silly audit   'lightningcss-linux-x64-gnu': [ '1.30.2' ],
296 silly audit   'lightningcss-linux-x64-musl': [ '1.30.2' ],
296 silly audit   'lightningcss-win32-arm64-msvc': [ '1.30.2' ],
296 silly audit   'lightningcss-win32-x64-msvc': [ '1.30.2' ],
296 silly audit   'locate-path': [ '6.0.0' ],
296 silly audit   'lodash.merge': [ '4.6.2' ],
296 silly audit   'loose-envify': [ '1.4.0' ],
296 silly audit   'lru-cache': [ '5.1.1' ],
296 silly audit   'magic-string': [ '0.30.21' ],
296 silly audit   'math-intrinsics': [ '1.1.0' ],
296 silly audit   merge2: [ '1.4.1' ],
296 silly audit   micromatch: [ '4.0.8' ],
296 silly audit   minimist: [ '1.2.8' ],
296 silly audit   ms: [ '2.1.3' ],
296 silly audit   nanoid: [ '3.3.11' ],
296 silly audit   'napi-postinstall': [ '0.3.4' ],
296 silly audit   'natural-compare': [ '1.4.0' ],
296 silly audit   next: [ '16.0.3' ],
296 silly audit   postcss: [ '8.4.31', '8.5.6' ],
296 silly audit   'node-releases': [ '2.0.27' ],
296 silly audit   'object-assign': [ '4.1.1' ],
296 silly audit   'object-inspect': [ '1.13.4' ],
296 silly audit   'object-keys': [ '1.1.1' ],
296 silly audit   'object.assign': [ '4.1.7' ],
296 silly audit   'object.entries': [ '1.1.9' ],
296 silly audit   'object.fromentries': [ '2.0.8' ],
296 silly audit   'object.groupby': [ '1.0.3' ],
296 silly audit   'object.values': [ '1.2.1' ],
296 silly audit   optionator: [ '0.9.4' ],
296 silly audit   'own-keys': [ '1.0.1' ],
296 silly audit   'p-limit': [ '3.1.0' ],
296 silly audit   'p-locate': [ '5.0.0' ],
296 silly audit   'parent-module': [ '1.0.1' ],
296 silly audit   'path-exists': [ '4.0.0' ],
296 silly audit   'path-key': [ '3.1.1' ],
296 silly audit   'path-parse': [ '1.0.7' ],
296 silly audit   picocolors: [ '1.1.1' ],
296 silly audit   picomatch: [ '2.3.1', '4.0.3' ],
296 silly audit   'possible-typed-array-names': [ '1.1.0' ],
296 silly audit   'prelude-ls': [ '1.2.1' ],
296 silly audit   'prop-types': [ '15.8.1' ],
296 silly audit   punycode: [ '2.3.1' ],
296 silly audit   'queue-microtask': [ '1.2.3' ],
296 silly audit   react: [ '19.2.0' ],
296 silly audit   'react-dom': [ '19.2.0' ],
296 silly audit   'react-is': [ '16.13.1' ],
296 silly audit   'reflect.getprototypeof': [ '1.0.10' ],
296 silly audit   'regexp.prototype.flags': [ '1.5.4' ],
296 silly audit   'resolve-from': [ '4.0.0' ],
296 silly audit   'resolve-pkg-maps': [ '1.0.0' ],
296 silly audit   reusify: [ '1.1.0' ],
296 silly audit   'run-parallel': [ '1.2.0' ],
296 silly audit   'safe-array-concat': [ '1.1.3' ],
296 silly audit   'safe-push-apply': [ '1.0.0' ],
296 silly audit   'safe-regex-test': [ '1.1.0' ],
296 silly audit   scheduler: [ '0.27.0' ],
296 silly audit   'set-function-length': [ '1.2.2' ],
296 silly audit   'set-function-name': [ '2.0.2' ],
296 silly audit   'set-proto': [ '1.0.0' ],
296 silly audit   sharp: [ '0.34.5' ],
296 silly audit   'shebang-command': [ '2.0.0' ],
296 silly audit   'shebang-regex': [ '3.0.0' ],
296 silly audit   'side-channel': [ '1.1.0' ],
296 silly audit   'side-channel-list': [ '1.0.0' ],
296 silly audit   'side-channel-map': [ '1.0.1' ],
296 silly audit   'side-channel-weakmap': [ '1.0.2' ],
296 silly audit   'source-map-js': [ '1.2.1' ],
296 silly audit   'stable-hash': [ '0.0.5' ],
296 silly audit   'stop-iteration-iterator': [ '1.1.0' ],
296 silly audit   'string.prototype.includes': [ '2.0.1' ],
296 silly audit   'string.prototype.matchall': [ '4.0.12' ],
296 silly audit   'string.prototype.repeat': [ '1.0.0' ],
296 silly audit   'string.prototype.trim': [ '1.2.10' ],
296 silly audit   'string.prototype.trimend': [ '1.0.9' ],
296 silly audit   'string.prototype.trimstart': [ '1.0.8' ],
296 silly audit   'strip-bom': [ '3.0.0' ],
296 silly audit   'strip-json-comments': [ '3.1.1' ],
296 silly audit   'styled-jsx': [ '5.1.6' ],
296 silly audit   'supports-color': [ '7.2.0' ],
296 silly audit   'supports-preserve-symlinks-flag': [ '1.0.0' ],
296 silly audit   tailwindcss: [ '4.1.17' ],
296 silly audit   tapable: [ '2.3.0' ],
296 silly audit   tinyglobby: [ '0.2.15' ],
296 silly audit   fdir: [ '6.5.0' ],
296 silly audit   'to-regex-range': [ '5.0.1' ],
296 silly audit   'ts-api-utils': [ '2.1.0' ],
296 silly audit   'tsconfig-paths': [ '3.15.0' ],
296 silly audit   tslib: [ '2.8.1' ],
296 silly audit   'type-check': [ '0.4.0' ],
296 silly audit   'typed-array-buffer': [ '1.0.3' ],
296 silly audit   'typed-array-byte-length': [ '1.0.3' ],
296 silly audit   'typed-array-byte-offset': [ '1.0.4' ],
296 silly audit   'typed-array-length': [ '1.0.7' ],
296 silly audit   typescript: [ '5.9.3' ],
296 silly audit   'typescript-eslint': [ '8.47.0' ],
296 silly audit   'unbox-primitive': [ '1.1.0' ],
296 silly audit   'undici-types': [ '6.21.0' ],
296 silly audit   'unrs-resolver': [ '1.11.1' ],
296 silly audit   'update-browserslist-db': [ '1.1.4' ],
296 silly audit   'uri-js': [ '4.4.1' ],
296 silly audit   which: [ '2.0.2' ],
296 silly audit   'which-boxed-primitive': [ '1.1.1' ],
296 silly audit   'which-builtin-type': [ '1.2.1' ],
296 silly audit   'which-collection': [ '1.0.2' ],
296 silly audit   'which-typed-array': [ '1.1.19' ],
296 silly audit   'word-wrap': [ '1.2.5' ],
296 silly audit   yallist: [ '3.1.1' ],
296 silly audit   'yocto-queue': [ '0.1.0' ],
296 silly audit   zod: [ '4.1.12' ],
296 silly audit   'zod-validation-error': [ '4.0.2' ],
296 silly audit   axios: [ '1.13.2' ],
296 silly audit   recharts: [ '3.4.1' ],
296 silly audit   'follow-redirects': [ '1.15.11' ],
296 silly audit   'form-data': [ '4.0.5' ],
296 silly audit   'proxy-from-env': [ '1.1.0' ],
296 silly audit   asynckit: [ '0.4.0' ],
296 silly audit   'combined-stream': [ '1.0.8' ],
296 silly audit   'mime-types': [ '2.1.35' ],
296 silly audit   'delayed-stream': [ '1.0.0' ],
296 silly audit   'mime-db': [ '1.52.0' ],
296 silly audit   '@reduxjs/toolkit': [ '2.10.1' ],
296 silly audit   clsx: [ '2.1.1' ],
296 silly audit   'decimal.js-light': [ '2.5.1' ],
296 silly audit   'es-toolkit': [ '1.42.0' ],
296 silly audit   eventemitter3: [ '5.0.1' ],
296 silly audit   immer: [ '10.2.0' ],
296 silly audit   'react-redux': [ '9.2.0' ],
296 silly audit   reselect: [ '5.1.1' ],
296 silly audit   'tiny-invariant': [ '1.3.3' ],
296 silly audit   'use-sync-external-store': [ '1.6.0' ],
296 silly audit   'victory-vendor': [ '37.3.6' ],
296 silly audit   '@standard-schema/spec': [ '1.0.0' ],
296 silly audit   '@standard-schema/utils': [ '0.3.0' ],
296 silly audit   redux: [ '5.0.1' ],
296 silly audit   'redux-thunk': [ '3.1.0' ],
296 silly audit   '@types/use-sync-external-store': [ '0.0.6' ],
296 silly audit   '@types/d3-array': [ '3.2.2' ],
296 silly audit   '@types/d3-ease': [ '3.0.2' ],
296 silly audit   '@types/d3-interpolate': [ '3.0.4' ],
296 silly audit   '@types/d3-scale': [ '4.0.9' ],
296 silly audit   '@types/d3-shape': [ '3.1.7' ],
296 silly audit   '@types/d3-time': [ '3.0.4' ],
296 silly audit   '@types/d3-timer': [ '3.0.2' ],
296 silly audit   'd3-array': [ '3.2.4' ],
296 silly audit   'd3-ease': [ '3.0.1' ],
296 silly audit   'd3-interpolate': [ '3.0.1' ],
296 silly audit   'd3-scale': [ '4.0.2' ],
296 silly audit   'd3-shape': [ '3.2.0' ],
296 silly audit   'd3-time': [ '3.1.0' ],
296 silly audit   'd3-timer': [ '3.0.1' ],
296 silly audit   '@types/d3-color': [ '3.1.3' ],
296 silly audit   '@types/d3-path': [ '3.1.1' ],
296 silly audit   internmap: [ '2.0.3' ],
296 silly audit   'd3-color': [ '3.1.0' ],
296 silly audit   'd3-format': [ '3.1.0' ],
296 silly audit   'd3-time-format': [ '4.1.0' ],
296 silly audit   'd3-path': [ '3.1.0' ],
296 silly audit   '@tailwindcss/oxide-wasm32-wasi': [ '4.1.17' ]
296 silly audit }
297 verbose reify failed optional dependency /Users/adityarawat/Desktop/github project/frontend/node_modules/lightningcss-win32-x64-msvc
298 silly reify mark deleted [
298 silly reify   '/Users/adityarawat/Desktop/github project/frontend/node_modules/lightningcss-win32-x64-msvc'
298 silly reify ]
299 verbose reify failed optional dependency /Users/adityarawat/Desktop/github project/frontend/node_modules/lightningcss-win32-arm64-msvc
300 silly reify mark deleted [
300 silly reify   '/Users/adityarawat/Desktop/github project/frontend/node_modules/lightningcss-win32-arm64-msvc'
300 silly reify ]
301 verbose reify failed optional dependency /Users/adityarawat/Desktop/github project/frontend/node_modules/lightningcss-linux-x64-musl
302 silly reify mark deleted [
302 silly reify   '/Users/adityarawat/Desktop/github project/frontend/node_modules/lightningcss-linux-x64-musl'
302 silly reify ]
303 verbose reify failed optional dependency /Users/adityarawat/Desktop/github project/frontend/node_modules/lightningcss-linux-x64-gnu
304 silly reify mark deleted [
304 silly reify   '/Users/adityarawat/Desktop/github project/frontend/node_modules/lightningcss-linux-x64-gnu'
304 silly reify ]
305 verbose reify failed optional dependency /Users/adityarawat/Desktop/github project/frontend/node_modules/lightningcss-linux-arm64-musl
306 silly reify mark deleted [
306 silly reify   '/Users/adityarawat/Desktop/github project/frontend/node_modules/lightningcss-linux-arm64-musl'
306 silly reify ]
307 verbose reify failed optional dependency /Users/adityarawat/Desktop/github project/frontend/node_modules/lightningcss-linux-arm64-gnu
308 silly reify mark deleted [
308 silly reify   '/Users/adityarawat/Desktop/github project/frontend/node_modules/lightningcss-linux-arm64-gnu'
308 silly reify ]
309 verbose reify failed optional dependency /Users/adityarawat/Desktop/github project/frontend/node_modules/lightningcss-linux-arm-gnueabihf
310 silly reify mark deleted [
310 silly reify   '/Users/adityarawat/Desktop/github project/frontend/node_modules/lightningcss-linux-arm-gnueabihf'
310 silly reify ]
311 verbose reify failed optional dependency /Users/adityarawat/Desktop/github project/frontend/node_modules/lightningcss-freebsd-x64
312 silly reify mark deleted [
312 silly reify   '/Users/adityarawat/Desktop/github project/frontend/node_modules/lightningcss-freebsd-x64'
312 silly reify ]
313 verbose reify failed optional dependency /Users/adityarawat/Desktop/github project/frontend/node_modules/lightningcss-darwin-x64
314 silly reify mark deleted [
314 silly reify   '/Users/adityarawat/Desktop/github project/frontend/node_modules/lightningcss-darwin-x64'
314 silly reify ]
315 verbose reify failed optional dependency /Users/adityarawat/Desktop/github project/frontend/node_modules/lightningcss-android-arm64
316 silly reify mark deleted [
316 silly reify   '/Users/adityarawat/Desktop/github project/frontend/node_modules/lightningcss-android-arm64'
316 silly reify ]
317 verbose reify failed optional dependency /Users/adityarawat/Desktop/github project/frontend/node_modules/@unrs/resolver-binding-win32-x64-msvc
318 silly reify mark deleted [
318 silly reify   '/Users/adityarawat/Desktop/github project/frontend/node_modules/@unrs/resolver-binding-win32-x64-msvc'
318 silly reify ]
319 verbose reify failed optional dependency /Users/adityarawat/Desktop/github project/frontend/node_modules/@unrs/resolver-binding-win32-ia32-msvc
320 silly reify mark deleted [
320 silly reify   '/Users/adityarawat/Desktop/github project/frontend/node_modules/@unrs/resolver-binding-win32-ia32-msvc'
320 silly reify ]
321 verbose reify failed optional dependency /Users/adityarawat/Desktop/github project/frontend/node_modules/@unrs/resolver-binding-win32-arm64-msvc
322 silly reify mark deleted [
322 silly reify   '/Users/adityarawat/Desktop/github project/frontend/node_modules/@unrs/resolver-binding-win32-arm64-msvc'
322 silly reify ]
323 verbose reify failed optional dependency /Users/adityarawat/Desktop/github project/frontend/node_modules/@unrs/resolver-binding-wasm32-wasi
324 silly reify mark deleted [
324 silly reify   '/Users/adityarawat/Desktop/github project/frontend/node_modules/@unrs/resolver-binding-wasm32-wasi'
324 silly reify ]
325 verbose reify failed optional dependency /Users/adityarawat/Desktop/github project/frontend/node_modules/@unrs/resolver-binding-linux-x64-musl
326 silly reify mark deleted [
326 silly reify   '/Users/adityarawat/Desktop/github project/frontend/node_modules/@unrs/resolver-binding-linux-x64-musl'
326 silly reify ]
327 verbose reify failed optional dependency /Users/adityarawat/Desktop/github project/frontend/node_modules/@unrs/resolver-binding-linux-x64-gnu
328 silly reify mark deleted [
328 silly reify   '/Users/adityarawat/Desktop/github project/frontend/node_modules/@unrs/resolver-binding-linux-x64-gnu'
328 silly reify ]
329 verbose reify failed optional dependency /Users/adityarawat/Desktop/github project/frontend/node_modules/@unrs/resolver-binding-linux-s390x-gnu
330 silly reify mark deleted [
330 silly reify   '/Users/adityarawat/Desktop/github project/frontend/node_modules/@unrs/resolver-binding-linux-s390x-gnu'
330 silly reify ]
331 verbose reify failed optional dependency /Users/adityarawat/Desktop/github project/frontend/node_modules/@unrs/resolver-binding-linux-riscv64-musl
332 silly reify mark deleted [
332 silly reify   '/Users/adityarawat/Desktop/github project/frontend/node_modules/@unrs/resolver-binding-linux-riscv64-musl'
332 silly reify ]
333 verbose reify failed optional dependency /Users/adityarawat/Desktop/github project/frontend/node_modules/@unrs/resolver-binding-linux-riscv64-gnu
334 silly reify mark deleted [
334 silly reify   '/Users/adityarawat/Desktop/github project/frontend/node_modules/@unrs/resolver-binding-linux-riscv64-gnu'
334 silly reify ]
335 verbose reify failed optional dependency /Users/adityarawat/Desktop/github project/frontend/node_modules/@unrs/resolver-binding-linux-ppc64-gnu
336 silly reify mark deleted [
336 silly reify   '/Users/adityarawat/Desktop/github project/frontend/node_modules/@unrs/resolver-binding-linux-ppc64-gnu'
336 silly reify ]
337 verbose reify failed optional dependency /Users/adityarawat/Desktop/github project/frontend/node_modules/@unrs/resolver-binding-linux-arm64-musl
338 silly reify mark deleted [
338 silly reify   '/Users/adityarawat/Desktop/github project/frontend/node_modules/@unrs/resolver-binding-linux-arm64-musl'
338 silly reify ]
339 verbose reify failed optional dependency /Users/adityarawat/Desktop/github project/frontend/node_modules/@unrs/resolver-binding-linux-arm64-gnu
340 silly reify mark deleted [
340 silly reify   '/Users/adityarawat/Desktop/github project/frontend/node_modules/@unrs/resolver-binding-linux-arm64-gnu'
340 silly reify ]
341 verbose reify failed optional dependency /Users/adityarawat/Desktop/github project/frontend/node_modules/@unrs/resolver-binding-linux-arm-musleabihf
342 silly reify mark deleted [
342 silly reify   '/Users/adityarawat/Desktop/github project/frontend/node_modules/@unrs/resolver-binding-linux-arm-musleabihf'
342 silly reify ]
343 verbose reify failed optional dependency /Users/adityarawat/Desktop/github project/frontend/node_modules/@unrs/resolver-binding-linux-arm-gnueabihf
344 silly reify mark deleted [
344 silly reify   '/Users/adityarawat/Desktop/github project/frontend/node_modules/@unrs/resolver-binding-linux-arm-gnueabihf'
344 silly reify ]
345 verbose reify failed optional dependency /Users/adityarawat/Desktop/github project/frontend/node_modules/@unrs/resolver-binding-freebsd-x64
346 silly reify mark deleted [
346 silly reify   '/Users/adityarawat/Desktop/github project/frontend/node_modules/@unrs/resolver-binding-freebsd-x64'
346 silly reify ]
347 verbose reify failed optional dependency /Users/adityarawat/Desktop/github project/frontend/node_modules/@unrs/resolver-binding-darwin-x64
348 silly reify mark deleted [
348 silly reify   '/Users/adityarawat/Desktop/github project/frontend/node_modules/@unrs/resolver-binding-darwin-x64'
348 silly reify ]
349 verbose reify failed optional dependency /Users/adityarawat/Desktop/github project/frontend/node_modules/@unrs/resolver-binding-android-arm64
350 silly reify mark deleted [
350 silly reify   '/Users/adityarawat/Desktop/github project/frontend/node_modules/@unrs/resolver-binding-android-arm64'
350 silly reify ]
351 verbose reify failed optional dependency /Users/adityarawat/Desktop/github project/frontend/node_modules/@unrs/resolver-binding-android-arm-eabi
352 silly reify mark deleted [
352 silly reify   '/Users/adityarawat/Desktop/github project/frontend/node_modules/@unrs/resolver-binding-android-arm-eabi'
352 silly reify ]
353 verbose reify failed optional dependency /Users/adityarawat/Desktop/github project/frontend/node_modules/@tailwindcss/oxide-win32-x64-msvc
354 silly reify mark deleted [
354 silly reify   '/Users/adityarawat/Desktop/github project/frontend/node_modules/@tailwindcss/oxide-win32-x64-msvc'
354 silly reify ]
355 verbose reify failed optional dependency /Users/adityarawat/Desktop/github project/frontend/node_modules/@tailwindcss/oxide-win32-arm64-msvc
356 silly reify mark deleted [
356 silly reify   '/Users/adityarawat/Desktop/github project/frontend/node_modules/@tailwindcss/oxide-win32-arm64-msvc'
356 silly reify ]
357 verbose reify failed optional dependency /Users/adityarawat/Desktop/github project/frontend/node_modules/@tailwindcss/oxide-linux-x64-musl
358 silly reify mark deleted [
358 silly reify   '/Users/adityarawat/Desktop/github project/frontend/node_modules/@tailwindcss/oxide-linux-x64-musl'
358 silly reify ]
359 verbose reify failed optional dependency /Users/adityarawat/Desktop/github project/frontend/node_modules/@tailwindcss/oxide-linux-x64-gnu
360 silly reify mark deleted [
360 silly reify   '/Users/adityarawat/Desktop/github project/frontend/node_modules/@tailwindcss/oxide-linux-x64-gnu'
360 silly reify ]
361 verbose reify failed optional dependency /Users/adityarawat/Desktop/github project/frontend/node_modules/@tailwindcss/oxide-linux-arm64-musl
362 silly reify mark deleted [
362 silly reify   '/Users/adityarawat/Desktop/github project/frontend/node_modules/@tailwindcss/oxide-linux-arm64-musl'
362 silly reify ]
363 verbose reify failed optional dependency /Users/adityarawat/Desktop/github project/frontend/node_modules/@tailwindcss/oxide-linux-arm64-gnu
364 silly reify mark deleted [
364 silly reify   '/Users/adityarawat/Desktop/github project/frontend/node_modules/@tailwindcss/oxide-linux-arm64-gnu'
364 silly reify ]
365 verbose reify failed optional dependency /Users/adityarawat/Desktop/github project/frontend/node_modules/@tailwindcss/oxide-linux-arm-gnueabihf
366 silly reify mark deleted [
366 silly reify   '/Users/adityarawat/Desktop/github project/frontend/node_modules/@tailwindcss/oxide-linux-arm-gnueabihf'
366 silly reify ]
367 verbose reify failed optional dependency /Users/adityarawat/Desktop/github project/frontend/node_modules/@tailwindcss/oxide-freebsd-x64
368 silly reify mark deleted [
368 silly reify   '/Users/adityarawat/Desktop/github project/frontend/node_modules/@tailwindcss/oxide-freebsd-x64'
368 silly reify ]
369 verbose reify failed optional dependency /Users/adityarawat/Desktop/github project/frontend/node_modules/@tailwindcss/oxide-darwin-x64
370 silly reify mark deleted [
370 silly reify   '/Users/adityarawat/Desktop/github project/frontend/node_modules/@tailwindcss/oxide-darwin-x64'
370 silly reify ]
371 verbose reify failed optional dependency /Users/adityarawat/Desktop/github project/frontend/node_modules/@tailwindcss/oxide-android-arm64
372 silly reify mark deleted [
372 silly reify   '/Users/adityarawat/Desktop/github project/frontend/node_modules/@tailwindcss/oxide-android-arm64'
372 silly reify ]
373 verbose reify failed optional dependency /Users/adityarawat/Desktop/github project/frontend/node_modules/@next/swc-win32-x64-msvc
374 silly reify mark deleted [
374 silly reify   '/Users/adityarawat/Desktop/github project/frontend/node_modules/@next/swc-win32-x64-msvc'
374 silly reify ]
375 verbose reify failed optional dependency /Users/adityarawat/Desktop/github project/frontend/node_modules/@next/swc-win32-arm64-msvc
376 silly reify mark deleted [
376 silly reify   '/Users/adityarawat/Desktop/github project/frontend/node_modules/@next/swc-win32-arm64-msvc'
376 silly reify ]
377 verbose reify failed optional dependency /Users/adityarawat/Desktop/github project/frontend/node_modules/@next/swc-linux-x64-musl
378 silly reify mark deleted [
378 silly reify   '/Users/adityarawat/Desktop/github project/frontend/node_modules/@next/swc-linux-x64-musl'
378 silly reify ]
379 verbose reify failed optional dependency /Users/adityarawat/Desktop/github project/frontend/node_modules/@next/swc-linux-x64-gnu
380 silly reify mark deleted [
380 silly reify   '/Users/adityarawat/Desktop/github project/frontend/node_modules/@next/swc-linux-x64-gnu'
380 silly reify ]
381 verbose reify failed optional dependency /Users/adityarawat/Desktop/github project/frontend/node_modules/@next/swc-linux-arm64-musl
382 silly reify mark deleted [
382 silly reify   '/Users/adityarawat/Desktop/github project/frontend/node_modules/@next/swc-linux-arm64-musl'
382 silly reify ]
383 verbose reify failed optional dependency /Users/adityarawat/Desktop/github project/frontend/node_modules/@next/swc-linux-arm64-gnu
384 silly reify mark deleted [
384 silly reify   '/Users/adityarawat/Desktop/github project/frontend/node_modules/@next/swc-linux-arm64-gnu'
384 silly reify ]
385 verbose reify failed optional dependency /Users/adityarawat/Desktop/github project/frontend/node_modules/@next/swc-darwin-x64
386 silly reify mark deleted [
386 silly reify   '/Users/adityarawat/Desktop/github project/frontend/node_modules/@next/swc-darwin-x64'
386 silly reify ]
387 verbose reify failed optional dependency /Users/adityarawat/Desktop/github project/frontend/node_modules/@img/sharp-win32-x64
388 silly reify mark deleted [
388 silly reify   '/Users/adityarawat/Desktop/github project/frontend/node_modules/@img/sharp-win32-x64'
388 silly reify ]
389 verbose reify failed optional dependency /Users/adityarawat/Desktop/github project/frontend/node_modules/@img/sharp-win32-ia32
390 silly reify mark deleted [
390 silly reify   '/Users/adityarawat/Desktop/github project/frontend/node_modules/@img/sharp-win32-ia32'
390 silly reify ]
391 verbose reify failed optional dependency /Users/adityarawat/Desktop/github project/frontend/node_modules/@img/sharp-win32-arm64
392 silly reify mark deleted [
392 silly reify   '/Users/adityarawat/Desktop/github project/frontend/node_modules/@img/sharp-win32-arm64'
392 silly reify ]
393 verbose reify failed optional dependency /Users/adityarawat/Desktop/github project/frontend/node_modules/@img/sharp-wasm32
394 silly reify mark deleted [
394 silly reify   '/Users/adityarawat/Desktop/github project/frontend/node_modules/@img/sharp-wasm32'
394 silly reify ]
395 verbose reify failed optional dependency /Users/adityarawat/Desktop/github project/frontend/node_modules/@img/sharp-linuxmusl-x64
396 silly reify mark deleted [
396 silly reify   '/Users/adityarawat/Desktop/github project/frontend/node_modules/@img/sharp-linuxmusl-x64'
396 silly reify ]
397 verbose reify failed optional dependency /Users/adityarawat/Desktop/github project/frontend/node_modules/@img/sharp-linuxmusl-arm64
398 silly reify mark deleted [
398 silly reify   '/Users/adityarawat/Desktop/github project/frontend/node_modules/@img/sharp-linuxmusl-arm64'
398 silly reify ]
399 verbose reify failed optional dependency /Users/adityarawat/Desktop/github project/frontend/node_modules/@img/sharp-linux-x64
400 silly reify mark deleted [
400 silly reify   '/Users/adityarawat/Desktop/github project/frontend/node_modules/@img/sharp-linux-x64'
400 silly reify ]
401 verbose reify failed optional dependency /Users/adityarawat/Desktop/github project/frontend/node_modules/@img/sharp-linux-s390x
402 silly reify mark deleted [
402 silly reify   '/Users/adityarawat/Desktop/github project/frontend/node_modules/@img/sharp-linux-s390x'
402 silly reify ]
403 verbose reify failed optional dependency /Users/adityarawat/Desktop/github project/frontend/node_modules/@img/sharp-linux-riscv64
404 silly reify mark deleted [
404 silly reify   '/Users/adityarawat/Desktop/github project/frontend/node_modules/@img/sharp-linux-riscv64'
404 silly reify ]
405 verbose reify failed optional dependency /Users/adityarawat/Desktop/github project/frontend/node_modules/@img/sharp-linux-ppc64
406 silly reify mark deleted [
406 silly reify   '/Users/adityarawat/Desktop/github project/frontend/node_modules/@img/sharp-linux-ppc64'
406 silly reify ]
407 verbose reify failed optional dependency /Users/adityarawat/Desktop/github project/frontend/node_modules/@img/sharp-linux-arm64
408 silly reify mark deleted [
408 silly reify   '/Users/adityarawat/Desktop/github project/frontend/node_modules/@img/sharp-linux-arm64'
408 silly reify ]
409 verbose reify failed optional dependency /Users/adityarawat/Desktop/github project/frontend/node_modules/@img/sharp-linux-arm
410 silly reify mark deleted [
410 silly reify   '/Users/adityarawat/Desktop/github project/frontend/node_modules/@img/sharp-linux-arm'
410 silly reify ]
411 verbose reify failed optional dependency /Users/adityarawat/Desktop/github project/frontend/node_modules/@img/sharp-libvips-linuxmusl-x64
412 silly reify mark deleted [
412 silly reify   '/Users/adityarawat/Desktop/github project/frontend/node_modules/@img/sharp-libvips-linuxmusl-x64'
412 silly reify ]
413 verbose reify failed optional dependency /Users/adityarawat/Desktop/github project/frontend/node_modules/@img/sharp-libvips-linuxmusl-arm64
414 silly reify mark deleted [
414 silly reify   '/Users/adityarawat/Desktop/github project/frontend/node_modules/@img/sharp-libvips-linuxmusl-arm64'
414 silly reify ]
415 verbose reify failed optional dependency /Users/adityarawat/Desktop/github project/frontend/node_modules/@img/sharp-libvips-linux-x64
416 silly reify mark deleted [
416 silly reify   '/Users/adityarawat/Desktop/github project/frontend/node_modules/@img/sharp-libvips-linux-x64'
416 silly reify ]
417 verbose reify failed optional dependency /Users/adityarawat/Desktop/github project/frontend/node_modules/@img/sharp-libvips-linux-s390x
418 silly reify mark deleted [
418 silly reify   '/Users/adityarawat/Desktop/github project/frontend/node_modules/@img/sharp-libvips-linux-s390x'
418 silly reify ]
419 verbose reify failed optional dependency /Users/adityarawat/Desktop/github project/frontend/node_modules/@img/sharp-libvips-linux-riscv64
420 silly reify mark deleted [
420 silly reify   '/Users/adityarawat/Desktop/github project/frontend/node_modules/@img/sharp-libvips-linux-riscv64'
420 silly reify ]
421 verbose reify failed optional dependency /Users/adityarawat/Desktop/github project/frontend/node_modules/@img/sharp-libvips-linux-ppc64
422 silly reify mark deleted [
422 silly reify   '/Users/adityarawat/Desktop/github project/frontend/node_modules/@img/sharp-libvips-linux-ppc64'
422 silly reify ]
423 verbose reify failed optional dependency /Users/adityarawat/Desktop/github project/frontend/node_modules/@img/sharp-libvips-linux-arm64
424 silly reify mark deleted [
424 silly reify   '/Users/adityarawat/Desktop/github project/frontend/node_modules/@img/sharp-libvips-linux-arm64'
424 silly reify ]
425 verbose reify failed optional dependency /Users/adityarawat/Desktop/github project/frontend/node_modules/@img/sharp-libvips-linux-arm
426 silly reify mark deleted [
426 silly reify   '/Users/adityarawat/Desktop/github project/frontend/node_modules/@img/sharp-libvips-linux-arm'
426 silly reify ]
427 verbose reify failed optional dependency /Users/adityarawat/Desktop/github project/frontend/node_modules/@img/sharp-libvips-darwin-x64
428 silly reify mark deleted [
428 silly reify   '/Users/adityarawat/Desktop/github project/frontend/node_modules/@img/sharp-libvips-darwin-x64'
428 silly reify ]
429 verbose reify failed optional dependency /Users/adityarawat/Desktop/github project/frontend/node_modules/@img/sharp-darwin-x64
430 silly reify mark deleted [
430 silly reify   '/Users/adityarawat/Desktop/github project/frontend/node_modules/@img/sharp-darwin-x64'
430 silly reify ]
431 http cache d3-path@https://registry.npmjs.org/d3-path/-/d3-path-3.1.0.tgz 0ms (cache hit)
432 http cache d3-color@https://registry.npmjs.org/d3-color/-/d3-color-3.1.0.tgz 0ms (cache hit)
433 http cache d3-format@https://registry.npmjs.org/d3-format/-/d3-format-3.1.0.tgz 0ms (cache hit)
434 http cache d3-time-format@https://registry.npmjs.org/d3-time-format/-/d3-time-format-4.1.0.tgz 0ms (cache hit)
435 http cache internmap@https://registry.npmjs.org/internmap/-/internmap-2.0.3.tgz 0ms (cache hit)
436 http cache @types/d3-path@https://registry.npmjs.org/@types/d3-path/-/d3-path-3.1.1.tgz 0ms (cache hit)
437 http cache d3-time@https://registry.npmjs.org/d3-time/-/d3-time-3.1.0.tgz 0ms (cache hit)
438 http cache d3-shape@https://registry.npmjs.org/d3-shape/-/d3-shape-3.2.0.tgz 0ms (cache hit)
439 http cache @types/d3-color@https://registry.npmjs.org/@types/d3-color/-/d3-color-3.1.3.tgz 0ms (cache hit)
440 http cache d3-timer@https://registry.npmjs.org/d3-timer/-/d3-timer-3.0.1.tgz 0ms (cache hit)
441 http cache d3-scale@https://registry.npmjs.org/d3-scale/-/d3-scale-4.0.2.tgz 0ms (cache hit)
442 http cache d3-interpolate@https://registry.npmjs.org/d3-interpolate/-/d3-interpolate-3.0.1.tgz 0ms (cache hit)
443 http cache d3-ease@https://registry.npmjs.org/d3-ease/-/d3-ease-3.0.1.tgz 0ms (cache hit)
444 http cache @types/d3-timer@https://registry.npmjs.org/@types/d3-timer/-/d3-timer-3.0.2.tgz 0ms (cache hit)
445 http cache @types/d3-shape@https://registry.npmjs.org/@types/d3-shape/-/d3-shape-3.1.7.tgz 0ms (cache hit)
446 http cache @types/d3-time@https://registry.npmjs.org/@types/d3-time/-/d3-time-3.0.4.tgz 0ms (cache hit)
447 http cache @types/d3-scale@https://registry.npmjs.org/@types/d3-scale/-/d3-scale-4.0.9.tgz 0ms (cache hit)
448 http cache @types/d3-interpolate@https://registry.npmjs.org/@types/d3-interpolate/-/d3-interpolate-3.0.4.tgz 0ms (cache hit)
449 http cache @types/d3-ease@https://registry.npmjs.org/@types/d3-ease/-/d3-ease-3.0.2.tgz 0ms (cache hit)
450 http cache @types/d3-array@https://registry.npmjs.org/@types/d3-array/-/d3-array-3.2.2.tgz 0ms (cache hit)
451 http cache @types/use-sync-external-store@https://registry.npmjs.org/@types/use-sync-external-store/-/use-sync-external-store-0.0.6.tgz 1ms (cache hit)
452 http cache redux-thunk@https://registry.npmjs.org/redux-thunk/-/redux-thunk-3.1.0.tgz 0ms (cache hit)
453 http cache redux@https://registry.npmjs.org/redux/-/redux-5.0.1.tgz 0ms (cache hit)
454 http cache @standard-schema/utils@https://registry.npmjs.org/@standard-schema/utils/-/utils-0.3.0.tgz 0ms (cache hit)
455 http cache d3-array@https://registry.npmjs.org/d3-array/-/d3-array-3.2.4.tgz 0ms (cache hit)
456 http cache victory-vendor@https://registry.npmjs.org/victory-vendor/-/victory-vendor-37.3.6.tgz 0ms (cache hit)
457 http cache use-sync-external-store@https://registry.npmjs.org/use-sync-external-store/-/use-sync-external-store-1.6.0.tgz 0ms (cache hit)
458 http cache reselect@https://registry.npmjs.org/reselect/-/reselect-5.1.1.tgz 0ms (cache hit)
459 http cache react-redux@https://registry.npmjs.org/react-redux/-/react-redux-9.2.0.tgz 0ms (cache hit)
460 http cache tiny-invariant@https://registry.npmjs.org/tiny-invariant/-/tiny-invariant-1.3.3.tgz 0ms (cache hit)
461 http cache immer@https://registry.npmjs.org/immer/-/immer-10.2.0.tgz 0ms (cache hit)
462 http cache eventemitter3@https://registry.npmjs.org/eventemitter3/-/eventemitter3-5.0.1.tgz 0ms (cache hit)
463 http cache es-toolkit@https://registry.npmjs.org/es-toolkit/-/es-toolkit-1.42.0.tgz 0ms (cache hit)
464 http cache decimal.js-light@https://registry.npmjs.org/decimal.js-light/-/decimal.js-light-2.5.1.tgz 0ms (cache hit)
465 http cache @standard-schema/spec@https://registry.npmjs.org/@standard-schema/spec/-/spec-1.0.0.tgz 0ms (cache hit)
466 http cache mime-db@https://registry.npmjs.org/mime-db/-/mime-db-1.52.0.tgz 0ms (cache hit)
467 http cache @reduxjs/toolkit@https://registry.npmjs.org/@reduxjs/toolkit/-/toolkit-2.10.1.tgz 0ms (cache hit)
468 http cache delayed-stream@https://registry.npmjs.org/delayed-stream/-/delayed-stream-1.0.0.tgz 0ms (cache hit)
469 http cache mime-types@https://registry.npmjs.org/mime-types/-/mime-types-2.1.35.tgz 0ms (cache hit)
470 http cache combined-stream@https://registry.npmjs.org/combined-stream/-/combined-stream-1.0.8.tgz 0ms (cache hit)
471 http cache asynckit@https://registry.npmjs.org/asynckit/-/asynckit-0.4.0.tgz 0ms (cache hit)
472 http cache clsx@https://registry.npmjs.org/clsx/-/clsx-2.1.1.tgz 0ms (cache hit)
473 http cache proxy-from-env@https://registry.npmjs.org/proxy-from-env/-/proxy-from-env-1.1.0.tgz 0ms (cache hit)
474 http cache form-data@https://registry.npmjs.org/form-data/-/form-data-4.0.5.tgz 0ms (cache hit)
475 http cache follow-redirects@https://registry.npmjs.org/follow-redirects/-/follow-redirects-1.15.11.tgz 0ms (cache hit)
476 http cache recharts@https://registry.npmjs.org/recharts/-/recharts-3.4.1.tgz 0ms (cache hit)
477 http cache axios@https://registry.npmjs.org/axios/-/axios-1.13.2.tgz 0ms (cache hit)
478 silly tarball no local data for d3-path@https://registry.npmjs.org/d3-path/-/d3-path-3.1.0.tgz. Extracting by manifest.
479 silly tarball no local data for d3-color@https://registry.npmjs.org/d3-color/-/d3-color-3.1.0.tgz. Extracting by manifest.
480 silly tarball no local data for d3-format@https://registry.npmjs.org/d3-format/-/d3-format-3.1.0.tgz. Extracting by manifest.
481 silly tarball no local data for d3-time-format@https://registry.npmjs.org/d3-time-format/-/d3-time-format-4.1.0.tgz. Extracting by manifest.
482 silly tarball no local data for internmap@https://registry.npmjs.org/internmap/-/internmap-2.0.3.tgz. Extracting by manifest.
483 silly tarball no local data for @types/d3-path@https://registry.npmjs.org/@types/d3-path/-/d3-path-3.1.1.tgz. Extracting by manifest.
484 silly tarball no local data for d3-time@https://registry.npmjs.org/d3-time/-/d3-time-3.1.0.tgz. Extracting by manifest.
485 silly tarball no local data for d3-shape@https://registry.npmjs.org/d3-shape/-/d3-shape-3.2.0.tgz. Extracting by manifest.
486 silly tarball no local data for @types/d3-color@https://registry.npmjs.org/@types/d3-color/-/d3-color-3.1.3.tgz. Extracting by manifest.
487 silly tarball no local data for d3-timer@https://registry.npmjs.org/d3-timer/-/d3-timer-3.0.1.tgz. Extracting by manifest.
488 silly tarball no local data for d3-scale@https://registry.npmjs.org/d3-scale/-/d3-scale-4.0.2.tgz. Extracting by manifest.
489 silly tarball no local data for d3-interpolate@https://registry.npmjs.org/d3-interpolate/-/d3-interpolate-3.0.1.tgz. Extracting by manifest.
490 silly tarball no local data for d3-ease@https://registry.npmjs.org/d3-ease/-/d3-ease-3.0.1.tgz. Extracting by manifest.
491 silly tarball no local data for @types/d3-timer@https://registry.npmjs.org/@types/d3-timer/-/d3-timer-3.0.2.tgz. Extracting by manifest.
492 silly tarball no local data for @types/d3-shape@https://registry.npmjs.org/@types/d3-shape/-/d3-shape-3.1.7.tgz. Extracting by manifest.
493 silly tarball no local data for @types/d3-time@https://registry.npmjs.org/@types/d3-time/-/d3-time-3.0.4.tgz. Extracting by manifest.
494 silly tarball no local data for @types/d3-scale@https://registry.npmjs.org/@types/d3-scale/-/d3-scale-4.0.9.tgz. Extracting by manifest.
495 silly tarball no local data for @types/d3-interpolate@https://registry.npmjs.org/@types/d3-interpolate/-/d3-interpolate-3.0.4.tgz. Extracting by manifest.
496 silly tarball no local data for @types/d3-ease@https://registry.npmjs.org/@types/d3-ease/-/d3-ease-3.0.2.tgz. Extracting by manifest.
497 silly tarball no local data for @types/d3-array@https://registry.npmjs.org/@types/d3-array/-/d3-array-3.2.2.tgz. Extracting by manifest.
498 silly tarball no local data for @types/use-sync-external-store@https://registry.npmjs.org/@types/use-sync-external-store/-/use-sync-external-store-0.0.6.tgz. Extracting by manifest.
499 silly tarball no local data for redux-thunk@https://registry.npmjs.org/redux-thunk/-/redux-thunk-3.1.0.tgz. Extracting by manifest.
500 silly tarball no local data for redux@https://registry.npmjs.org/redux/-/redux-5.0.1.tgz. Extracting by manifest.
501 silly tarball no local data for @standard-schema/utils@https://registry.npmjs.org/@standard-schema/utils/-/utils-0.3.0.tgz. Extracting by manifest.
502 silly tarball no local data for d3-array@https://registry.npmjs.org/d3-array/-/d3-array-3.2.4.tgz. Extracting by manifest.
503 silly tarball no local data for victory-vendor@https://registry.npmjs.org/victory-vendor/-/victory-vendor-37.3.6.tgz. Extracting by manifest.
504 silly tarball no local data for use-sync-external-store@https://registry.npmjs.org/use-sync-external-store/-/use-sync-external-store-1.6.0.tgz. Extracting by manifest.
505 silly tarball no local data for reselect@https://registry.npmjs.org/reselect/-/reselect-5.1.1.tgz. Extracting by manifest.
506 silly tarball no local data for react-redux@https://registry.npmjs.org/react-redux/-/react-redux-9.2.0.tgz. Extracting by manifest.
507 silly tarball no local data for tiny-invariant@https://registry.npmjs.org/tiny-invariant/-/tiny-invariant-1.3.3.tgz. Extracting by manifest.
508 silly tarball no local data for immer@https://registry.npmjs.org/immer/-/immer-10.2.0.tgz. Extracting by manifest.
509 silly tarball no local data for eventemitter3@https://registry.npmjs.org/eventemitter3/-/eventemitter3-5.0.1.tgz. Extracting by manifest.
510 silly tarball no local data for es-toolkit@https://registry.npmjs.org/es-toolkit/-/es-toolkit-1.42.0.tgz. Extracting by manifest.
511 silly tarball no local data for decimal.js-light@https://registry.npmjs.org/decimal.js-light/-/decimal.js-light-2.5.1.tgz. Extracting by manifest.
512 silly tarball no local data for mime-db@https://registry.npmjs.org/mime-db/-/mime-db-1.52.0.tgz. Extracting by manifest.
513 silly tarball no local data for @reduxjs/toolkit@https://registry.npmjs.org/@reduxjs/toolkit/-/toolkit-2.10.1.tgz. Extracting by manifest.
514 silly tarball no local data for delayed-stream@https://registry.npmjs.org/delayed-stream/-/delayed-stream-1.0.0.tgz. Extracting by manifest.
515 silly tarball no local data for mime-types@https://registry.npmjs.org/mime-types/-/mime-types-2.1.35.tgz. Extracting by manifest.
516 silly tarball no local data for combined-stream@https://registry.npmjs.org/combined-stream/-/combined-stream-1.0.8.tgz. Extracting by manifest.
517 silly tarball no local data for asynckit@https://registry.npmjs.org/asynckit/-/asynckit-0.4.0.tgz. Extracting by manifest.
518 silly tarball no local data for @standard-schema/spec@https://registry.npmjs.org/@standard-schema/spec/-/spec-1.0.0.tgz. Extracting by manifest.
519 silly tarball no local data for clsx@https://registry.npmjs.org/clsx/-/clsx-2.1.1.tgz. Extracting by manifest.
520 silly tarball no local data for proxy-from-env@https://registry.npmjs.org/proxy-from-env/-/proxy-from-env-1.1.0.tgz. Extracting by manifest.
521 silly tarball no local data for form-data@https://registry.npmjs.org/form-data/-/form-data-4.0.5.tgz. Extracting by manifest.
522 silly tarball no local data for follow-redirects@https://registry.npmjs.org/follow-redirects/-/follow-redirects-1.15.11.tgz. Extracting by manifest.
523 silly tarball no local data for recharts@https://registry.npmjs.org/recharts/-/recharts-3.4.1.tgz. Extracting by manifest.
524 silly tarball no local data for axios@https://registry.npmjs.org/axios/-/axios-1.13.2.tgz. Extracting by manifest.
525 http fetch GET 200 https://registry.npmjs.org/d3-path/-/d3-path-3.1.0.tgz 76ms (cache miss)
526 http fetch GET 200 https://registry.npmjs.org/internmap/-/internmap-2.0.3.tgz 77ms (cache miss)
527 http fetch GET 200 https://registry.npmjs.org/d3-time/-/d3-time-3.1.0.tgz 76ms (cache miss)
528 http fetch GET 200 https://registry.npmjs.org/d3-color/-/d3-color-3.1.0.tgz 79ms (cache miss)
529 http fetch GET 200 https://registry.npmjs.org/d3-time-format/-/d3-time-format-4.1.0.tgz 85ms (cache miss)
530 http fetch GET 200 https://registry.npmjs.org/d3-format/-/d3-format-3.1.0.tgz 89ms (cache miss)
531 http fetch GET 200 https://registry.npmjs.org/d3-shape/-/d3-shape-3.2.0.tgz 89ms (cache miss)
532 http fetch GET 200 https://registry.npmjs.org/@types/d3-shape/-/d3-shape-3.1.7.tgz 99ms (cache miss)
533 http fetch GET 200 https://registry.npmjs.org/@types/d3-path/-/d3-path-3.1.1.tgz 100ms (cache miss)
534 http fetch GET 200 https://registry.npmjs.org/@types/d3-ease/-/d3-ease-3.0.2.tgz 100ms (cache miss)
535 http fetch GET 200 https://registry.npmjs.org/@types/d3-interpolate/-/d3-interpolate-3.0.4.tgz 104ms (cache miss)
536 http fetch GET 200 https://registry.npmjs.org/@types/d3-time/-/d3-time-3.0.4.tgz 110ms (cache miss)
537 http fetch GET 200 https://registry.npmjs.org/d3-timer/-/d3-timer-3.0.1.tgz 114ms (cache miss)
538 http fetch GET 200 https://registry.npmjs.org/@types/use-sync-external-store/-/use-sync-external-store-0.0.6.tgz 115ms (cache miss)
539 http fetch GET 200 https://registry.npmjs.org/@types/d3-array/-/d3-array-3.2.2.tgz 115ms (cache miss)
540 http fetch GET 200 https://registry.npmjs.org/d3-scale/-/d3-scale-4.0.2.tgz 116ms (cache miss)
541 http fetch POST 200 https://registry.npmjs.org/-/npm/v1/security/advisories/bulk 142ms
542 silly audit report {}
543 http fetch GET 200 https://registry.npmjs.org/d3-interpolate/-/d3-interpolate-3.0.1.tgz 131ms (cache miss)
544 http fetch GET 200 https://registry.npmjs.org/@types/d3-color/-/d3-color-3.1.3.tgz 131ms (cache miss)
545 http fetch GET 200 https://registry.npmjs.org/@types/d3-timer/-/d3-timer-3.0.2.tgz 132ms (cache miss)
546 http fetch GET 200 https://registry.npmjs.org/redux-thunk/-/redux-thunk-3.1.0.tgz 131ms (cache miss)
547 http fetch GET 200 https://registry.npmjs.org/d3-ease/-/d3-ease-3.0.1.tgz 133ms (cache miss)
548 http fetch GET 200 https://registry.npmjs.org/redux/-/redux-5.0.1.tgz 150ms (cache miss)
549 http fetch GET 200 https://registry.npmjs.org/d3-array/-/d3-array-3.2.4.tgz 155ms (cache miss)
550 http fetch GET 200 https://registry.npmjs.org/@types/d3-scale/-/d3-scale-4.0.9.tgz 161ms (cache miss)
551 http fetch GET 200 https://registry.npmjs.org/@standard-schema/utils/-/utils-0.3.0.tgz 160ms (cache miss)
552 http fetch GET 200 https://registry.npmjs.org/tiny-invariant/-/tiny-invariant-1.3.3.tgz 160ms (cache miss)
553 http fetch GET 200 https://registry.npmjs.org/use-sync-external-store/-/use-sync-external-store-1.6.0.tgz 162ms (cache miss)
554 http fetch GET 200 https://registry.npmjs.org/eventemitter3/-/eventemitter3-5.0.1.tgz 173ms (cache miss)
555 http fetch GET 200 https://registry.npmjs.org/decimal.js-light/-/decimal.js-light-2.5.1.tgz 183ms (cache miss)
556 http fetch GET 200 https://registry.npmjs.org/mime-db/-/mime-db-1.52.0.tgz 184ms (cache miss)
557 http fetch GET 200 https://registry.npmjs.org/asynckit/-/asynckit-0.4.0.tgz 188ms (cache miss)
558 http fetch GET 200 https://registry.npmjs.org/react-redux/-/react-redux-9.2.0.tgz 195ms (cache miss)
559 http fetch GET 200 https://registry.npmjs.org/victory-vendor/-/victory-vendor-37.3.6.tgz 226ms (cache miss)
560 http fetch GET 200 https://registry.npmjs.org/reselect/-/reselect-5.1.1.tgz 295ms (cache miss)
561 http fetch GET 200 https://registry.npmjs.org/combined-stream/-/combined-stream-1.0.8.tgz 295ms (cache miss)
562 http fetch GET 200 https://registry.npmjs.org/delayed-stream/-/delayed-stream-1.0.0.tgz 296ms (cache miss)
563 http fetch GET 200 https://registry.npmjs.org/follow-redirects/-/follow-redirects-1.15.11.tgz 295ms (cache miss)
564 http fetch GET 200 https://registry.npmjs.org/clsx/-/clsx-2.1.1.tgz 296ms (cache miss)
565 http fetch GET 200 https://registry.npmjs.org/proxy-from-env/-/proxy-from-env-1.1.0.tgz 295ms (cache miss)
566 http fetch GET 200 https://registry.npmjs.org/mime-types/-/mime-types-2.1.35.tgz 296ms (cache miss)
567 http fetch GET 200 https://registry.npmjs.org/@standard-schema/spec/-/spec-1.0.0.tgz 297ms (cache miss)
568 http fetch GET 200 https://registry.npmjs.org/form-data/-/form-data-4.0.5.tgz 296ms (cache miss)
569 http fetch GET 200 https://registry.npmjs.org/immer/-/immer-10.2.0.tgz 344ms (cache miss)
570 http fetch GET 200 https://registry.npmjs.org/axios/-/axios-1.13.2.tgz 383ms (cache miss)
571 http fetch GET 200 https://registry.npmjs.org/@reduxjs/toolkit/-/toolkit-2.10.1.tgz 473ms (cache miss)
572 http fetch GET 200 https://registry.npmjs.org/recharts/-/recharts-3.4.1.tgz 531ms (cache miss)
573 http fetch GET 200 https://registry.npmjs.org/es-toolkit/-/es-toolkit-1.42.0.tgz 575ms (cache miss)
574 silly ADD node_modules/d3-path
575 silly ADD node_modules/d3-time-format
576 silly ADD node_modules/d3-format
577 silly ADD node_modules/d3-color
578 silly ADD node_modules/internmap
579 silly ADD node_modules/@types/d3-path
580 silly ADD node_modules/@types/d3-color
581 silly ADD node_modules/d3-timer
582 silly ADD node_modules/d3-time
583 silly ADD node_modules/d3-shape
584 silly ADD node_modules/d3-scale
585 silly ADD node_modules/d3-interpolate
586 silly ADD node_modules/d3-ease
587 silly ADD node_modules/d3-array
588 silly ADD node_modules/@types/d3-timer
589 silly ADD node_modules/@types/d3-time
590 silly ADD node_modules/@types/d3-shape
591 silly ADD node_modules/@types/d3-scale
592 silly ADD node_modules/@types/d3-interpolate
593 silly ADD node_modules/@types/d3-ease
594 silly ADD node_modules/@types/d3-array
595 silly ADD node_modules/@types/use-sync-external-store
596 silly ADD node_modules/redux-thunk
597 silly ADD node_modules/redux
598 silly ADD node_modules/@standard-schema/utils
599 silly ADD node_modules/@standard-schema/spec
600 silly ADD node_modules/victory-vendor
601 silly ADD node_modules/use-sync-external-store
602 silly ADD node_modules/tiny-invariant
603 silly ADD node_modules/reselect
604 silly ADD node_modules/react-redux
605 silly ADD node_modules/immer
606 silly ADD node_modules/eventemitter3
607 silly ADD node_modules/es-toolkit
608 silly ADD node_modules/decimal.js-light
609 silly ADD node_modules/clsx
610 silly ADD node_modules/@reduxjs/toolkit
611 silly ADD node_modules/mime-db
612 silly ADD node_modules/delayed-stream
613 silly ADD node_modules/mime-types
614 silly ADD node_modules/combined-stream
615 silly ADD node_modules/asynckit
616 silly ADD node_modules/proxy-from-env
617 silly ADD node_modules/form-data
618 silly ADD node_modules/follow-redirects
619 silly ADD node_modules/recharts
620 silly ADD node_modules/axios
621 silly ADD
622 silly ADD
623 silly ADD
624 silly ADD
625 silly ADD
626 silly ADD
627 silly ADD
628 silly ADD
629 silly ADD
630 silly ADD
631 silly ADD
632 silly ADD
633 silly ADD
634 silly ADD
635 silly ADD
636 silly ADD
637 silly ADD
638 silly ADD
639 silly ADD
640 silly ADD
641 silly ADD
642 silly ADD
643 silly ADD
644 silly ADD
645 silly ADD
646 silly ADD
647 silly ADD
648 silly ADD
649 silly ADD
650 silly ADD
651 silly ADD
652 silly ADD
653 silly ADD
654 silly ADD
655 silly ADD
656 silly ADD
657 silly ADD
658 silly ADD
659 silly ADD
660 silly ADD
661 silly ADD
662 silly ADD
663 silly ADD
664 silly ADD
665 silly ADD
666 silly ADD
667 silly ADD
668 silly ADD
669 silly ADD
670 silly ADD
671 silly ADD
672 silly ADD
673 silly ADD
674 silly ADD
675 silly ADD
676 silly ADD
677 silly ADD
678 silly ADD
679 silly ADD
680 silly ADD
681 silly ADD
682 silly ADD
683 silly ADD
684 silly ADD
685 silly ADD
686 silly ADD
687 silly ADD
688 silly ADD
689 verbose cwd /Users/adityarawat/Desktop/github project/frontend
690 verbose os Darwin 24.6.0
691 verbose node v23.11.0
692 verbose npm  v10.9.2
693 verbose exit 0
694 info ok
