0 verbose cli /opt/homebrew/Cellar/node/23.11.0/bin/node /opt/homebrew/bin/npm
1 info using npm@10.9.2
2 info using node@v23.11.0
3 silly config load:file:/opt/homebrew/lib/node_modules/npm/npmrc
4 silly config load:file:/Users/adityarawat/Desktop/github project/backend/express/.npmrc
5 silly config load:file:/Users/adityarawat/.npmrc
6 silly config load:file:/opt/homebrew/etc/npmrc
7 verbose title npm install express cors axios
8 verbose argv "install" "express" "cors" "axios"
9 verbose logfile logs-max:10 dir:/Users/adityarawat/Desktop/github project/.npm-cache/_logs/2025-11-20T17_41_53_394Z-
10 verbose logfile /Users/adityarawat/Desktop/github project/.npm-cache/_logs/2025-11-20T17_41_53_394Z-debug-0.log
11 silly logfile done cleaning log files
12 silly packumentCache heap:4345298944 maxSize:1086324736 maxEntrySize:543162368
13 silly idealTree buildDeps
14 silly fetch manifest express@*
15 silly packumentCache full:https://registry.npmjs.org/express cache-miss
16 http fetch GET 200 https://registry.npmjs.org/express 260ms (cache miss)
17 silly packumentCache full:https://registry.npmjs.org/express set size:undefined disposed:false
18 silly fetch manifest cors@*
19 silly packumentCache full:https://registry.npmjs.org/cors cache-miss
20 http fetch GET 200 https://registry.npmjs.org/cors 52ms (cache miss)
21 silly packumentCache full:https://registry.npmjs.org/cors set size:undefined disposed:false
22 silly fetch manifest axios@*
23 silly packumentCache full:https://registry.npmjs.org/axios cache-miss
24 http cache https://registry.npmjs.org/axios 5ms (cache hit)
25 silly packumentCache full:https://registry.npmjs.org/axios set size:733991 disposed:false
26 silly placeDep ROOT axios@1.13.2 OK for: express@1.0.0 want: *
27 silly placeDep ROOT cors@2.8.5 OK for: express@1.0.0 want: *
28 silly placeDep ROOT express@5.1.0 OK for: express@1.0.0 want: *
29 silly fetch manifest follow-redirects@^1.15.6
30 silly packumentCache full:https://registry.npmjs.org/follow-redirects cache-miss
31 silly fetch manifest form-data@^4.0.4
32 silly packumentCache full:https://registry.npmjs.org/form-data cache-miss
33 silly fetch manifest proxy-from-env@^1.1.0
34 silly packumentCache full:https://registry.npmjs.org/proxy-from-env cache-miss
35 silly fetch manifest vary@^1
36 silly packumentCache full:https://registry.npmjs.org/vary cache-miss
37 silly fetch manifest object-assign@^4
38 silly packumentCache full:https://registry.npmjs.org/object-assign cache-miss
39 silly fetch manifest qs@^6.14.0
40 silly packumentCache full:https://registry.npmjs.org/qs cache-miss
41 silly fetch manifest etag@^1.8.1
42 silly packumentCache full:https://registry.npmjs.org/etag cache-miss
43 silly fetch manifest once@^1.4.0
44 silly packumentCache full:https://registry.npmjs.org/once cache-miss
45 silly fetch manifest send@^1.1.0
46 silly packumentCache full:https://registry.npmjs.org/send cache-miss
47 http cache https://registry.npmjs.org/object-assign 15ms (cache hit)
48 silly packumentCache full:https://registry.npmjs.org/object-assign set size:28988 disposed:false
49 silly fetch manifest vary@^1.1.2
50 silly packumentCache full:https://registry.npmjs.org/vary cache-miss
51 http cache https://registry.npmjs.org/proxy-from-env 18ms (cache hit)
52 silly packumentCache full:https://registry.npmjs.org/proxy-from-env set size:15831 disposed:false
53 silly fetch manifest debug@^4.4.0
54 silly packumentCache full:https://registry.npmjs.org/debug cache-miss
55 http cache https://registry.npmjs.org/form-data 19ms (cache hit)
56 silly packumentCache full:https://registry.npmjs.org/form-data set size:153646 disposed:false
57 silly fetch manifest fresh@^2.0.0
58 silly packumentCache full:https://registry.npmjs.org/fresh cache-miss
59 http cache https://registry.npmjs.org/follow-redirects 23ms (cache hit)
60 silly packumentCache full:https://registry.npmjs.org/follow-redirects set size:186700 disposed:false
61 silly fetch manifest cookie@^0.7.1
62 silly packumentCache full:https://registry.npmjs.org/cookie cache-miss
63 http cache https://registry.npmjs.org/debug 12ms (cache hit)
64 silly packumentCache full:https://registry.npmjs.org/debug set size:195840 disposed:false
65 silly fetch manifest router@^2.2.0
66 silly packumentCache full:https://registry.npmjs.org/router cache-miss
67 http fetch GET 200 https://registry.npmjs.org/vary 70ms (cache miss)
68 silly packumentCache full:https://registry.npmjs.org/vary set size:undefined disposed:false
69 silly fetch manifest accepts@^2.0.0
70 silly packumentCache full:https://registry.npmjs.org/accepts cache-miss
71 http fetch GET 200 https://registry.npmjs.org/vary 98ms (cache miss)
72 silly packumentCache full:https://registry.npmjs.org/vary set size:undefined disposed:false
73 silly fetch manifest type-is@^2.0.1
74 silly packumentCache full:https://registry.npmjs.org/type-is cache-miss
75 http fetch GET 200 https://registry.npmjs.org/etag 117ms (cache miss)
76 silly packumentCache full:https://registry.npmjs.org/etag set size:undefined disposed:false
77 silly fetch manifest parseurl@^1.3.3
78 silly packumentCache full:https://registry.npmjs.org/parseurl cache-miss
79 http fetch GET 200 https://registry.npmjs.org/send 121ms (cache miss)
80 silly packumentCache full:https://registry.npmjs.org/send set size:undefined disposed:false
81 silly fetch manifest statuses@^2.0.1
82 silly packumentCache full:https://registry.npmjs.org/statuses cache-miss
83 http fetch GET 200 https://registry.npmjs.org/accepts 53ms (cache miss)
84 silly packumentCache full:https://registry.npmjs.org/accepts set size:undefined disposed:false
85 silly fetch manifest encodeurl@^2.0.0
86 silly packumentCache full:https://registry.npmjs.org/encodeurl cache-miss
87 http fetch GET 200 https://registry.npmjs.org/once 130ms (cache miss)
88 silly packumentCache full:https://registry.npmjs.org/once set size:undefined disposed:false
89 silly fetch manifest mime-types@^3.0.0
90 silly packumentCache full:https://registry.npmjs.org/mime-types cache-miss
91 http fetch GET 200 https://registry.npmjs.org/cookie 108ms (cache miss)
92 silly packumentCache full:https://registry.npmjs.org/cookie set size:undefined disposed:false
93 silly fetch manifest proxy-addr@^2.0.7
94 silly packumentCache full:https://registry.npmjs.org/proxy-addr cache-miss
95 http fetch GET 200 https://registry.npmjs.org/qs 133ms (cache miss)
96 silly packumentCache full:https://registry.npmjs.org/qs set size:undefined disposed:false
97 silly fetch manifest body-parser@^2.2.0
98 silly packumentCache full:https://registry.npmjs.org/body-parser cache-miss
99 http fetch GET 200 https://registry.npmjs.org/router 105ms (cache miss)
100 silly packumentCache full:https://registry.npmjs.org/router set size:undefined disposed:false
101 silly fetch manifest escape-html@^1.0.3
102 silly packumentCache full:https://registry.npmjs.org/escape-html cache-miss
103 http cache https://registry.npmjs.org/mime-types 9ms (cache hit)
104 silly packumentCache full:https://registry.npmjs.org/mime-types set size:139110 disposed:false
105 silly fetch manifest http-errors@^2.0.0
106 silly packumentCache full:https://registry.npmjs.org/http-errors cache-miss
107 http fetch GET 200 https://registry.npmjs.org/encodeurl 106ms (cache miss)
108 silly packumentCache full:https://registry.npmjs.org/encodeurl set size:undefined disposed:false
109 silly fetch manifest on-finished@^2.4.1
110 silly packumentCache full:https://registry.npmjs.org/on-finished cache-miss
111 http fetch GET 200 https://registry.npmjs.org/parseurl 115ms (cache miss)
112 silly packumentCache full:https://registry.npmjs.org/parseurl set size:undefined disposed:false
113 silly fetch manifest content-type@^1.0.5
114 silly packumentCache full:https://registry.npmjs.org/content-type cache-miss
115 http fetch GET 200 https://registry.npmjs.org/fresh 211ms (cache miss)
116 silly packumentCache full:https://registry.npmjs.org/fresh set size:undefined disposed:false
117 silly fetch manifest finalhandler@^2.1.0
118 silly packumentCache full:https://registry.npmjs.org/finalhandler cache-miss
119 http fetch GET 200 https://registry.npmjs.org/statuses 111ms (cache miss)
120 silly packumentCache full:https://registry.npmjs.org/statuses set size:undefined disposed:false
121 silly fetch manifest range-parser@^1.2.1
122 silly packumentCache full:https://registry.npmjs.org/range-parser cache-miss
123 http fetch GET 200 https://registry.npmjs.org/type-is 121ms (cache miss)
124 silly packumentCache full:https://registry.npmjs.org/type-is set size:undefined disposed:false
125 silly fetch manifest serve-static@^2.2.0
126 silly packumentCache full:https://registry.npmjs.org/serve-static cache-miss
127 http fetch GET 200 https://registry.npmjs.org/body-parser 128ms (cache miss)
128 silly packumentCache full:https://registry.npmjs.org/body-parser set size:undefined disposed:false
129 silly fetch manifest cookie-signature@^1.2.1
130 silly packumentCache full:https://registry.npmjs.org/cookie-signature cache-miss
131 http fetch GET 200 https://registry.npmjs.org/proxy-addr 140ms (cache miss)
132 silly packumentCache full:https://registry.npmjs.org/proxy-addr set size:undefined disposed:false
133 silly fetch manifest merge-descriptors@^2.0.0
134 silly packumentCache full:https://registry.npmjs.org/merge-descriptors cache-miss
135 http fetch GET 200 https://registry.npmjs.org/http-errors 135ms (cache miss)
136 silly packumentCache full:https://registry.npmjs.org/http-errors set size:undefined disposed:false
137 silly fetch manifest content-disposition@^1.0.0
138 silly packumentCache full:https://registry.npmjs.org/content-disposition cache-miss
139 http fetch GET 200 https://registry.npmjs.org/range-parser 43ms (cache miss)
140 silly packumentCache full:https://registry.npmjs.org/range-parser set size:undefined disposed:false
141 http fetch GET 200 https://registry.npmjs.org/escape-html 140ms (cache miss)
142 silly packumentCache full:https://registry.npmjs.org/escape-html set size:undefined disposed:false
143 http fetch GET 200 https://registry.npmjs.org/finalhandler 45ms (cache miss)
144 silly packumentCache full:https://registry.npmjs.org/finalhandler set size:undefined disposed:false
145 http fetch GET 200 https://registry.npmjs.org/content-type 48ms (cache miss)
146 silly packumentCache full:https://registry.npmjs.org/content-type set size:undefined disposed:false
147 http fetch GET 200 https://registry.npmjs.org/on-finished 63ms (cache miss)
148 silly packumentCache full:https://registry.npmjs.org/on-finished set size:undefined disposed:false
149 http fetch GET 200 https://registry.npmjs.org/serve-static 60ms (cache miss)
150 silly packumentCache full:https://registry.npmjs.org/serve-static set size:undefined disposed:false
151 http fetch GET 200 https://registry.npmjs.org/cookie-signature 42ms (cache miss)
152 silly packumentCache full:https://registry.npmjs.org/cookie-signature set size:undefined disposed:false
153 http fetch GET 200 https://registry.npmjs.org/merge-descriptors 46ms (cache miss)
154 silly packumentCache full:https://registry.npmjs.org/merge-descriptors set size:undefined disposed:false
155 http fetch GET 200 https://registry.npmjs.org/content-disposition 56ms (cache miss)
156 silly packumentCache full:https://registry.npmjs.org/content-disposition set size:undefined disposed:false
157 silly placeDep ROOT follow-redirects@1.15.11 OK for: axios@1.13.2 want: ^1.15.6
158 silly placeDep ROOT form-data@4.0.5 OK for: axios@1.13.2 want: ^4.0.4
159 silly placeDep ROOT proxy-from-env@1.1.0 OK for: axios@1.13.2 want: ^1.1.0
160 silly fetch manifest asynckit@^0.4.0
161 silly packumentCache full:https://registry.npmjs.org/asynckit cache-miss
162 silly fetch manifest combined-stream@^1.0.8
163 silly packumentCache full:https://registry.npmjs.org/combined-stream cache-miss
164 silly fetch manifest es-set-tostringtag@^2.1.0
165 silly packumentCache full:https://registry.npmjs.org/es-set-tostringtag cache-miss
166 silly fetch manifest hasown@^2.0.2
167 silly packumentCache full:https://registry.npmjs.org/hasown cache-miss
168 silly fetch manifest mime-types@^2.1.12
169 silly packumentCache full:https://registry.npmjs.org/mime-types cache-hit
170 http cache https://registry.npmjs.org/asynckit 4ms (cache hit)
171 silly packumentCache full:https://registry.npmjs.org/asynckit set size:17357 disposed:false
172 http cache https://registry.npmjs.org/es-set-tostringtag 5ms (cache hit)
173 silly packumentCache full:https://registry.npmjs.org/es-set-tostringtag set size:22094 disposed:false
174 http cache https://registry.npmjs.org/combined-stream 5ms (cache hit)
175 silly packumentCache full:https://registry.npmjs.org/combined-stream set size:40337 disposed:false
176 http cache https://registry.npmjs.org/hasown 6ms (cache hit)
177 silly packumentCache full:https://registry.npmjs.org/hasown set size:12476 disposed:false
178 silly placeDep ROOT object-assign@4.1.1 OK for: cors@2.8.5 want: ^4
179 silly placeDep ROOT vary@1.1.2 OK for: cors@2.8.5 want: ^1
180 silly placeDep ROOT accepts@2.0.0 OK for: express@5.1.0 want: ^2.0.0
181 silly placeDep ROOT body-parser@2.2.0 OK for: express@5.1.0 want: ^2.2.0
182 silly placeDep ROOT content-disposition@1.0.1 OK for: express@5.1.0 want: ^1.0.0
183 silly placeDep ROOT content-type@1.0.5 OK for: express@5.1.0 want: ^1.0.5
184 silly placeDep ROOT cookie@0.7.2 OK for: express@5.1.0 want: ^0.7.1
185 silly placeDep ROOT cookie-signature@1.2.2 OK for: express@5.1.0 want: ^1.2.1
186 silly placeDep ROOT debug@4.4.3 OK for: express@5.1.0 want: ^4.4.0
187 silly placeDep ROOT encodeurl@2.0.0 OK for: express@5.1.0 want: ^2.0.0
188 silly placeDep ROOT escape-html@1.0.3 OK for: express@5.1.0 want: ^1.0.3
189 silly placeDep ROOT etag@1.8.1 OK for: express@5.1.0 want: ^1.8.1
190 silly placeDep ROOT finalhandler@2.1.0 OK for: express@5.1.0 want: ^2.1.0
191 silly placeDep ROOT fresh@2.0.0 OK for: express@5.1.0 want: ^2.0.0
192 silly placeDep ROOT http-errors@2.0.0 OK for: express@5.1.0 want: ^2.0.0
193 silly placeDep ROOT merge-descriptors@2.0.0 OK for: express@5.1.0 want: ^2.0.0
194 silly placeDep ROOT mime-types@3.0.2 OK for: express@5.1.0 want: ^3.0.0
195 silly placeDep ROOT on-finished@2.4.1 OK for: express@5.1.0 want: ^2.4.1
196 silly placeDep ROOT once@1.4.0 OK for: express@5.1.0 want: ^1.4.0
197 silly placeDep ROOT parseurl@1.3.3 OK for: express@5.1.0 want: ^1.3.3
198 silly placeDep ROOT proxy-addr@2.0.7 OK for: express@5.1.0 want: ^2.0.7
199 silly placeDep ROOT qs@6.14.0 OK for: express@5.1.0 want: ^6.14.0
200 silly placeDep ROOT range-parser@1.2.1 OK for: express@5.1.0 want: ^1.2.1
201 silly placeDep ROOT router@2.2.0 OK for: express@5.1.0 want: ^2.2.0
202 silly placeDep ROOT send@1.2.0 OK for: express@5.1.0 want: ^1.1.0
203 silly placeDep ROOT serve-static@2.2.0 OK for: express@5.1.0 want: ^2.2.0
204 silly placeDep ROOT statuses@2.0.2 OK for: express@5.1.0 want: ^2.0.1
205 silly placeDep ROOT type-is@2.0.1 OK for: express@5.1.0 want: ^2.0.1
206 silly fetch manifest negotiator@^1.0.0
207 silly packumentCache full:https://registry.npmjs.org/negotiator cache-miss
208 silly fetch manifest bytes@^3.1.2
209 silly packumentCache full:https://registry.npmjs.org/bytes cache-miss
210 silly fetch manifest type-is@^2.0.0
211 silly packumentCache full:https://registry.npmjs.org/type-is cache-miss
212 silly fetch manifest raw-body@^3.0.0
213 silly packumentCache full:https://registry.npmjs.org/raw-body cache-miss
214 silly fetch manifest iconv-lite@^0.6.3
215 silly packumentCache full:https://registry.npmjs.org/iconv-lite cache-miss
216 silly fetch manifest ms@^2.1.3
217 silly packumentCache full:https://registry.npmjs.org/ms cache-miss
218 silly fetch manifest depd@2.0.0
219 silly packumentCache full:https://registry.npmjs.org/depd cache-miss
220 silly fetch manifest inherits@2.0.4
221 silly packumentCache full:https://registry.npmjs.org/inherits cache-miss
222 silly fetch manifest statuses@2.0.1
223 silly packumentCache full:https://registry.npmjs.org/statuses cache-miss
224 http cache https://registry.npmjs.org/type-is 7ms (cache hit)
225 silly packumentCache full:https://registry.npmjs.org/type-is set size:86196 disposed:false
226 silly fetch manifest toidentifier@1.0.1
227 silly packumentCache full:https://registry.npmjs.org/toidentifier cache-miss
228 http cache https://registry.npmjs.org/ms 7ms (cache hit)
229 silly packumentCache full:https://registry.npmjs.org/ms set size:92208 disposed:false
230 silly fetch manifest setprototypeof@1.2.0
231 silly packumentCache full:https://registry.npmjs.org/setprototypeof cache-miss
232 http cache https://registry.npmjs.org/statuses 7ms (cache hit)
233 silly packumentCache full:https://registry.npmjs.org/statuses set size:37117 disposed:false
234 silly fetch manifest mime-db@^1.54.0
235 silly packumentCache full:https://registry.npmjs.org/mime-db cache-miss
236 http cache https://registry.npmjs.org/mime-db 1ms (cache hit)
237 silly packumentCache full:https://registry.npmjs.org/mime-db set size:164953 disposed:false
238 silly fetch manifest ee-first@1.1.1
239 silly packumentCache full:https://registry.npmjs.org/ee-first cache-miss
240 http fetch GET 200 https://registry.npmjs.org/setprototypeof 84ms (cache miss)
241 silly packumentCache full:https://registry.npmjs.org/setprototypeof set size:undefined disposed:false
242 silly fetch manifest wrappy@1
243 silly packumentCache full:https://registry.npmjs.org/wrappy cache-miss
244 http fetch GET 200 https://registry.npmjs.org/toidentifier 90ms (cache miss)
245 silly packumentCache full:https://registry.npmjs.org/toidentifier set size:undefined disposed:false
246 silly fetch manifest forwarded@0.2.0
247 silly packumentCache full:https://registry.npmjs.org/forwarded cache-miss
248 http fetch GET 200 https://registry.npmjs.org/inherits 95ms (cache miss)
249 silly packumentCache full:https://registry.npmjs.org/inherits set size:undefined disposed:false
250 silly fetch manifest ipaddr.js@1.9.1
251 silly packumentCache full:https://registry.npmjs.org/ipaddr.js cache-miss
252 http fetch GET 200 https://registry.npmjs.org/ee-first 91ms (cache miss)
253 silly packumentCache full:https://registry.npmjs.org/ee-first set size:undefined disposed:false
254 silly fetch manifest side-channel@^1.1.0
255 silly packumentCache full:https://registry.npmjs.org/side-channel cache-miss
256 http fetch GET 200 https://registry.npmjs.org/iconv-lite 104ms (cache miss)
257 silly packumentCache full:https://registry.npmjs.org/iconv-lite set size:undefined disposed:false
258 silly fetch manifest depd@^2.0.0
259 silly packumentCache full:https://registry.npmjs.org/depd cache-miss
260 http cache https://registry.npmjs.org/side-channel 4ms (cache hit)
261 silly packumentCache full:https://registry.npmjs.org/side-channel set size:24660 disposed:false
262 silly fetch manifest is-promise@^4.0.0
263 silly packumentCache full:https://registry.npmjs.org/is-promise cache-miss
264 http fetch GET 200 https://registry.npmjs.org/raw-body 108ms (cache miss)
265 silly packumentCache full:https://registry.npmjs.org/raw-body set size:undefined disposed:false
266 silly fetch manifest path-to-regexp@^8.0.0
267 silly packumentCache full:https://registry.npmjs.org/path-to-regexp cache-miss
268 http fetch GET 200 https://registry.npmjs.org/bytes 126ms (cache miss)
269 silly packumentCache full:https://registry.npmjs.org/bytes set size:undefined disposed:false
270 silly fetch manifest media-typer@^1.1.0
271 silly packumentCache full:https://registry.npmjs.org/media-typer cache-miss
272 http fetch GET 200 https://registry.npmjs.org/negotiator 127ms (cache miss)
273 silly packumentCache full:https://registry.npmjs.org/negotiator set size:undefined disposed:false
274 http fetch GET 200 https://registry.npmjs.org/depd 129ms (cache miss)
275 silly packumentCache full:https://registry.npmjs.org/depd set size:undefined disposed:false
276 http fetch GET 200 https://registry.npmjs.org/forwarded 46ms (cache miss)
277 silly packumentCache full:https://registry.npmjs.org/forwarded set size:undefined disposed:false
278 http fetch GET 200 https://registry.npmjs.org/is-promise 43ms (cache miss)
279 silly packumentCache full:https://registry.npmjs.org/is-promise set size:undefined disposed:false
280 http fetch GET 200 https://registry.npmjs.org/wrappy 96ms (cache miss)
281 silly packumentCache full:https://registry.npmjs.org/wrappy set size:undefined disposed:false
282 http fetch GET 200 https://registry.npmjs.org/ipaddr.js 93ms (cache miss)
283 silly packumentCache full:https://registry.npmjs.org/ipaddr.js set size:undefined disposed:false
284 http fetch GET 200 https://registry.npmjs.org/depd 88ms (cache miss)
285 silly packumentCache full:https://registry.npmjs.org/depd set size:undefined disposed:false
286 http fetch GET 200 https://registry.npmjs.org/media-typer 67ms (cache miss)
287 silly packumentCache full:https://registry.npmjs.org/media-typer set size:undefined disposed:false
288 http fetch GET 200 https://registry.npmjs.org/path-to-regexp 86ms (cache miss)
289 silly packumentCache full:https://registry.npmjs.org/path-to-regexp set size:undefined disposed:false
290 silly placeDep ROOT negotiator@1.0.0 OK for: accepts@2.0.0 want: ^1.0.0
291 silly placeDep ROOT bytes@3.1.2 OK for: body-parser@2.2.0 want: ^3.1.2
292 silly placeDep ROOT iconv-lite@0.6.3 OK for: body-parser@2.2.0 want: ^0.6.3
293 silly placeDep ROOT raw-body@3.0.1 OK for: body-parser@2.2.0 want: ^3.0.0
294 silly fetch manifest safer-buffer@>= 2.1.2 < 3.0.0
295 silly packumentCache full:https://registry.npmjs.org/safer-buffer cache-miss
296 silly fetch manifest iconv-lite@0.7.0
297 silly packumentCache full:https://registry.npmjs.org/iconv-lite cache-miss
298 silly fetch manifest unpipe@1.0.0
299 silly packumentCache full:https://registry.npmjs.org/unpipe cache-miss
300 http cache https://registry.npmjs.org/iconv-lite 5ms (cache hit)
301 silly packumentCache full:https://registry.npmjs.org/iconv-lite set size:118890 disposed:false
302 http fetch GET 200 https://registry.npmjs.org/safer-buffer 47ms (cache miss)
303 silly packumentCache full:https://registry.npmjs.org/safer-buffer set size:undefined disposed:false
304 http fetch GET 200 https://registry.npmjs.org/unpipe 64ms (cache miss)
305 silly packumentCache full:https://registry.npmjs.org/unpipe set size:undefined disposed:false
306 silly placeDep ROOT ms@2.1.3 OK for: debug@4.4.3 want: ^2.1.3
307 silly placeDep ROOT asynckit@0.4.0 OK for: form-data@4.0.5 want: ^0.4.0
308 silly placeDep ROOT combined-stream@1.0.8 OK for: form-data@4.0.5 want: ^1.0.8
309 silly placeDep ROOT es-set-tostringtag@2.1.0 OK for: form-data@4.0.5 want: ^2.1.0
310 silly placeDep ROOT hasown@2.0.2 OK for: form-data@4.0.5 want: ^2.0.2
311 silly placeDep node_modules/form-data mime-types@2.1.35 OK for: form-data@4.0.5 want: ^2.1.12
312 silly fetch manifest delayed-stream@~1.0.0
313 silly packumentCache full:https://registry.npmjs.org/delayed-stream cache-miss
314 silly fetch manifest es-errors@^1.3.0
315 silly packumentCache full:https://registry.npmjs.org/es-errors cache-miss
316 silly fetch manifest get-intrinsic@^1.2.6
317 silly packumentCache full:https://registry.npmjs.org/get-intrinsic cache-miss
318 silly fetch manifest has-tostringtag@^1.0.2
319 silly packumentCache full:https://registry.npmjs.org/has-tostringtag cache-miss
320 silly fetch manifest function-bind@^1.1.2
321 silly packumentCache full:https://registry.npmjs.org/function-bind cache-miss
322 silly fetch manifest mime-db@1.52.0
323 silly packumentCache full:https://registry.npmjs.org/mime-db cache-hit
324 http cache https://registry.npmjs.org/delayed-stream 3ms (cache hit)
325 silly packumentCache full:https://registry.npmjs.org/delayed-stream set size:15820 disposed:false
326 http cache https://registry.npmjs.org/get-intrinsic 3ms (cache hit)
327 silly packumentCache full:https://registry.npmjs.org/get-intrinsic set size:60985 disposed:false
328 http cache https://registry.npmjs.org/function-bind 4ms (cache hit)
329 silly packumentCache full:https://registry.npmjs.org/function-bind set size:15733 disposed:false
330 http cache https://registry.npmjs.org/es-errors 4ms (cache hit)
331 silly packumentCache full:https://registry.npmjs.org/es-errors set size:16918 disposed:false
332 http cache https://registry.npmjs.org/has-tostringtag 4ms (cache hit)
333 silly packumentCache full:https://registry.npmjs.org/has-tostringtag set size:13945 disposed:false
334 silly placeDep ROOT delayed-stream@1.0.0 OK for: combined-stream@1.0.8 want: ~1.0.0
335 silly placeDep ROOT es-errors@1.3.0 OK for: es-set-tostringtag@2.1.0 want: ^1.3.0
336 silly placeDep ROOT get-intrinsic@1.3.0 OK for: es-set-tostringtag@2.1.0 want: ^1.2.6
337 silly placeDep ROOT has-tostringtag@1.0.2 OK for: es-set-tostringtag@2.1.0 want: ^1.0.2
338 silly fetch manifest gopd@^1.2.0
339 silly packumentCache full:https://registry.npmjs.org/gopd cache-miss
340 silly fetch manifest get-proto@^1.0.1
341 silly packumentCache full:https://registry.npmjs.org/get-proto cache-miss
342 silly fetch manifest has-symbols@^1.1.0
343 silly packumentCache full:https://registry.npmjs.org/has-symbols cache-miss
344 silly fetch manifest es-object-atoms@^1.1.1
345 silly packumentCache full:https://registry.npmjs.org/es-object-atoms cache-miss
346 silly fetch manifest math-intrinsics@^1.1.0
347 silly packumentCache full:https://registry.npmjs.org/math-intrinsics cache-miss
348 silly fetch manifest es-define-property@^1.0.1
349 silly packumentCache full:https://registry.npmjs.org/es-define-property cache-miss
350 silly fetch manifest call-bind-apply-helpers@^1.0.2
351 silly packumentCache full:https://registry.npmjs.org/call-bind-apply-helpers cache-miss
352 silly fetch manifest has-symbols@^1.0.3
353 silly packumentCache full:https://registry.npmjs.org/has-symbols cache-miss
354 http cache https://registry.npmjs.org/math-intrinsics 4ms (cache hit)
355 silly packumentCache full:https://registry.npmjs.org/math-intrinsics set size:9265 disposed:false
356 http cache https://registry.npmjs.org/es-object-atoms 5ms (cache hit)
357 silly packumentCache full:https://registry.npmjs.org/es-object-atoms set size:15304 disposed:false
358 http cache https://registry.npmjs.org/get-proto 5ms (cache hit)
359 silly packumentCache full:https://registry.npmjs.org/get-proto set size:8300 disposed:false
360 http cache https://registry.npmjs.org/es-define-property 5ms (cache hit)
361 silly packumentCache full:https://registry.npmjs.org/es-define-property set size:8542 disposed:false
362 http cache https://registry.npmjs.org/has-symbols 5ms (cache hit)
363 silly packumentCache full:https://registry.npmjs.org/has-symbols set size:21550 disposed:false
364 http cache https://registry.npmjs.org/gopd 6ms (cache hit)
365 silly packumentCache full:https://registry.npmjs.org/gopd set size:11458 disposed:false
366 http cache https://registry.npmjs.org/call-bind-apply-helpers 6ms (cache hit)
367 silly packumentCache full:https://registry.npmjs.org/call-bind-apply-helpers set size:12744 disposed:false
368 http cache https://registry.npmjs.org/has-symbols 6ms (cache hit)
369 silly packumentCache full:https://registry.npmjs.org/has-symbols set size:21550 disposed:false
370 silly packumentCache full:https://registry.npmjs.org/has-symbols dispose
371 silly placeDep ROOT call-bind-apply-helpers@1.0.2 OK for: get-intrinsic@1.3.0 want: ^1.0.2
372 silly placeDep ROOT es-define-property@1.0.1 OK for: get-intrinsic@1.3.0 want: ^1.0.1
373 silly placeDep ROOT es-object-atoms@1.1.1 OK for: get-intrinsic@1.3.0 want: ^1.1.1
374 silly placeDep ROOT function-bind@1.1.2 OK for: get-intrinsic@1.3.0 want: ^1.1.2
375 silly placeDep ROOT get-proto@1.0.1 OK for: get-intrinsic@1.3.0 want: ^1.0.1
376 silly placeDep ROOT gopd@1.2.0 OK for: get-intrinsic@1.3.0 want: ^1.2.0
377 silly placeDep ROOT has-symbols@1.1.0 OK for: get-intrinsic@1.3.0 want: ^1.1.0
378 silly placeDep ROOT math-intrinsics@1.1.0 OK for: get-intrinsic@1.3.0 want: ^1.1.0
379 silly fetch manifest dunder-proto@^1.0.1
380 silly packumentCache full:https://registry.npmjs.org/dunder-proto cache-miss
381 http cache https://registry.npmjs.org/dunder-proto 1ms (cache hit)
382 silly packumentCache full:https://registry.npmjs.org/dunder-proto set size:8256 disposed:false
383 silly placeDep ROOT dunder-proto@1.0.1 OK for: get-proto@1.0.1 want: ^1.0.1
384 silly placeDep ROOT depd@2.0.0 OK for: http-errors@2.0.0 want: 2.0.0
385 silly placeDep ROOT inherits@2.0.4 OK for: http-errors@2.0.0 want: 2.0.4
386 silly placeDep ROOT setprototypeof@1.2.0 OK for: http-errors@2.0.0 want: 1.2.0
387 silly placeDep node_modules/http-errors statuses@2.0.1 OK for: http-errors@2.0.0 want: 2.0.1
388 silly placeDep ROOT toidentifier@1.0.1 OK for: http-errors@2.0.0 want: 1.0.1
389 silly placeDep ROOT safer-buffer@2.1.2 OK for: iconv-lite@0.6.3 want: >= 2.1.2 < 3.0.0
390 silly placeDep ROOT mime-db@1.54.0 OK for: mime-types@3.0.2 want: ^1.54.0
391 silly placeDep ROOT ee-first@1.1.1 OK for: on-finished@2.4.1 want: 1.1.1
392 silly placeDep ROOT wrappy@1.0.2 OK for: once@1.4.0 want: 1
393 silly placeDep ROOT forwarded@0.2.0 OK for: proxy-addr@2.0.7 want: 0.2.0
394 silly placeDep ROOT ipaddr.js@1.9.1 OK for: proxy-addr@2.0.7 want: 1.9.1
395 silly placeDep ROOT side-channel@1.1.0 OK for: qs@6.14.0 want: ^1.1.0
396 silly fetch manifest object-inspect@^1.13.3
397 silly packumentCache full:https://registry.npmjs.org/object-inspect cache-miss
398 silly fetch manifest side-channel-list@^1.0.0
399 silly packumentCache full:https://registry.npmjs.org/side-channel-list cache-miss
400 silly fetch manifest side-channel-map@^1.0.1
401 silly packumentCache full:https://registry.npmjs.org/side-channel-map cache-miss
402 silly fetch manifest side-channel-weakmap@^1.0.2
403 silly packumentCache full:https://registry.npmjs.org/side-channel-weakmap cache-miss
404 http cache https://registry.npmjs.org/side-channel-map 4ms (cache hit)
405 silly packumentCache full:https://registry.npmjs.org/side-channel-map set size:9126 disposed:false
406 http cache https://registry.npmjs.org/object-inspect 4ms (cache hit)
407 silly packumentCache full:https://registry.npmjs.org/object-inspect set size:101912 disposed:false
408 http cache https://registry.npmjs.org/side-channel-weakmap 6ms (cache hit)
409 silly packumentCache full:https://registry.npmjs.org/side-channel-weakmap set size:12620 disposed:false
410 http cache https://registry.npmjs.org/side-channel-list 6ms (cache hit)
411 silly packumentCache full:https://registry.npmjs.org/side-channel-list set size:6005 disposed:false
412 silly placeDep node_modules/raw-body iconv-lite@0.7.0 OK for: raw-body@3.0.1 want: 0.7.0
413 silly placeDep ROOT unpipe@1.0.0 OK for: raw-body@3.0.1 want: 1.0.0
414 silly placeDep ROOT is-promise@4.0.0 OK for: router@2.2.0 want: ^4.0.0
415 silly placeDep ROOT path-to-regexp@8.3.0 OK for: router@2.2.0 want: ^8.0.0
416 silly placeDep ROOT object-inspect@1.13.4 OK for: side-channel@1.1.0 want: ^1.13.3
417 silly placeDep ROOT side-channel-list@1.0.0 OK for: side-channel@1.1.0 want: ^1.0.0
418 silly placeDep ROOT side-channel-map@1.0.1 OK for: side-channel@1.1.0 want: ^1.0.1
419 silly placeDep ROOT side-channel-weakmap@1.0.2 OK for: side-channel@1.1.0 want: ^1.0.2
420 silly fetch manifest call-bound@^1.0.2
421 silly packumentCache full:https://registry.npmjs.org/call-bound cache-miss
422 silly fetch manifest call-bound@^1.0.2
423 silly packumentCache full:https://registry.npmjs.org/call-bound cache-miss
424 http cache https://registry.npmjs.org/call-bound 2ms (cache hit)
425 silly packumentCache full:https://registry.npmjs.org/call-bound set size:15317 disposed:false
426 http cache https://registry.npmjs.org/call-bound 2ms (cache hit)
427 silly packumentCache full:https://registry.npmjs.org/call-bound set size:15317 disposed:false
428 silly packumentCache full:https://registry.npmjs.org/call-bound dispose
429 silly placeDep ROOT call-bound@1.0.4 OK for: side-channel-map@1.0.1 want: ^1.0.2
430 silly placeDep ROOT media-typer@1.1.0 OK for: type-is@2.0.1 want: ^1.1.0
431 silly placeDep node_modules/form-data mime-db@1.52.0 OK for: mime-types@2.1.35 want: 1.52.0
432 silly reify moves {}
433 silly audit bulk request {
433 silly audit   express: [ '5.1.0' ],
433 silly audit   axios: [ '1.13.2' ],
433 silly audit   cors: [ '2.8.5' ],
433 silly audit   'follow-redirects': [ '1.15.11' ],
433 silly audit   'form-data': [ '4.0.5' ],
433 silly audit   'proxy-from-env': [ '1.1.0' ],
433 silly audit   'object-assign': [ '4.1.1' ],
433 silly audit   vary: [ '1.1.2' ],
433 silly audit   accepts: [ '2.0.0' ],
433 silly audit   'body-parser': [ '2.2.0' ],
433 silly audit   'content-disposition': [ '1.0.1' ],
433 silly audit   'content-type': [ '1.0.5' ],
433 silly audit   cookie: [ '0.7.2' ],
433 silly audit   'cookie-signature': [ '1.2.2' ],
433 silly audit   debug: [ '4.4.3' ],
433 silly audit   encodeurl: [ '2.0.0' ],
433 silly audit   'escape-html': [ '1.0.3' ],
433 silly audit   etag: [ '1.8.1' ],
433 silly audit   finalhandler: [ '2.1.0' ],
433 silly audit   fresh: [ '2.0.0' ],
433 silly audit   'http-errors': [ '2.0.0' ],
433 silly audit   'merge-descriptors': [ '2.0.0' ],
433 silly audit   'mime-types': [ '3.0.2', '2.1.35' ],
433 silly audit   'on-finished': [ '2.4.1' ],
433 silly audit   once: [ '1.4.0' ],
433 silly audit   parseurl: [ '1.3.3' ],
433 silly audit   'proxy-addr': [ '2.0.7' ],
433 silly audit   qs: [ '6.14.0' ],
433 silly audit   'range-parser': [ '1.2.1' ],
433 silly audit   router: [ '2.2.0' ],
433 silly audit   send: [ '1.2.0' ],
433 silly audit   'serve-static': [ '2.2.0' ],
433 silly audit   statuses: [ '2.0.2', '2.0.1' ],
433 silly audit   'type-is': [ '2.0.1' ],
433 silly audit   negotiator: [ '1.0.0' ],
433 silly audit   bytes: [ '3.1.2' ],
433 silly audit   'iconv-lite': [ '0.6.3', '0.7.0' ],
433 silly audit   'raw-body': [ '3.0.1' ],
433 silly audit   ms: [ '2.1.3' ],
433 silly audit   asynckit: [ '0.4.0' ],
433 silly audit   'combined-stream': [ '1.0.8' ],
433 silly audit   'es-set-tostringtag': [ '2.1.0' ],
433 silly audit   hasown: [ '2.0.2' ],
433 silly audit   'delayed-stream': [ '1.0.0' ],
433 silly audit   'es-errors': [ '1.3.0' ],
433 silly audit   'get-intrinsic': [ '1.3.0' ],
433 silly audit   'has-tostringtag': [ '1.0.2' ],
433 silly audit   'call-bind-apply-helpers': [ '1.0.2' ],
433 silly audit   'es-define-property': [ '1.0.1' ],
433 silly audit   'es-object-atoms': [ '1.1.1' ],
433 silly audit   'function-bind': [ '1.1.2' ],
433 silly audit   'get-proto': [ '1.0.1' ],
433 silly audit   gopd: [ '1.2.0' ],
433 silly audit   'has-symbols': [ '1.1.0' ],
433 silly audit   'math-intrinsics': [ '1.1.0' ],
433 silly audit   'dunder-proto': [ '1.0.1' ],
433 silly audit   depd: [ '2.0.0' ],
433 silly audit   inherits: [ '2.0.4' ],
433 silly audit   setprototypeof: [ '1.2.0' ],
433 silly audit   toidentifier: [ '1.0.1' ],
433 silly audit   'safer-buffer': [ '2.1.2' ],
433 silly audit   'mime-db': [ '1.54.0', '1.52.0' ],
433 silly audit   'ee-first': [ '1.1.1' ],
433 silly audit   wrappy: [ '1.0.2' ],
433 silly audit   forwarded: [ '0.2.0' ],
433 silly audit   'ipaddr.js': [ '1.9.1' ],
433 silly audit   'side-channel': [ '1.1.0' ],
433 silly audit   unpipe: [ '1.0.0' ],
433 silly audit   'is-promise': [ '4.0.0' ],
433 silly audit   'path-to-regexp': [ '8.3.0' ],
433 silly audit   'object-inspect': [ '1.13.4' ],
433 silly audit   'side-channel-list': [ '1.0.0' ],
433 silly audit   'side-channel-map': [ '1.0.1' ],
433 silly audit   'side-channel-weakmap': [ '1.0.2' ],
433 silly audit   'call-bound': [ '1.0.4' ],
433 silly audit   'media-typer': [ '1.1.0' ]
433 silly audit }
434 http cache media-typer@https://registry.npmjs.org/media-typer/-/media-typer-1.1.0.tgz 0ms (cache hit)
435 http cache side-channel-weakmap@https://registry.npmjs.org/side-channel-weakmap/-/side-channel-weakmap-1.0.2.tgz 0ms (cache hit)
436 http cache call-bound@https://registry.npmjs.org/call-bound/-/call-bound-1.0.4.tgz 0ms (cache hit)
437 http cache side-channel-list@https://registry.npmjs.org/side-channel-list/-/side-channel-list-1.0.0.tgz 0ms (cache hit)
438 http cache object-inspect@https://registry.npmjs.org/object-inspect/-/object-inspect-1.13.4.tgz 0ms (cache hit)
439 http cache path-to-regexp@https://registry.npmjs.org/path-to-regexp/-/path-to-regexp-8.3.0.tgz 0ms (cache hit)
440 http cache unpipe@https://registry.npmjs.org/unpipe/-/unpipe-1.0.0.tgz 0ms (cache hit)
441 http cache side-channel@https://registry.npmjs.org/side-channel/-/side-channel-1.1.0.tgz 0ms (cache hit)
442 http cache is-promise@https://registry.npmjs.org/is-promise/-/is-promise-4.0.0.tgz 0ms (cache hit)
443 http cache ipaddr.js@https://registry.npmjs.org/ipaddr.js/-/ipaddr.js-1.9.1.tgz 0ms (cache hit)
444 http cache side-channel-map@https://registry.npmjs.org/side-channel-map/-/side-channel-map-1.0.1.tgz 0ms (cache hit)
445 http cache forwarded@https://registry.npmjs.org/forwarded/-/forwarded-0.2.0.tgz 0ms (cache hit)
446 http cache wrappy@https://registry.npmjs.org/wrappy/-/wrappy-1.0.2.tgz 0ms (cache hit)
447 http cache mime-db@https://registry.npmjs.org/mime-db/-/mime-db-1.54.0.tgz 0ms (cache hit)
448 http cache safer-buffer@https://registry.npmjs.org/safer-buffer/-/safer-buffer-2.1.2.tgz 0ms (cache hit)
449 http cache ee-first@https://registry.npmjs.org/ee-first/-/ee-first-1.1.1.tgz 0ms (cache hit)
450 http cache setprototypeof@https://registry.npmjs.org/setprototypeof/-/setprototypeof-1.2.0.tgz 0ms (cache hit)
451 http cache toidentifier@https://registry.npmjs.org/toidentifier/-/toidentifier-1.0.1.tgz 0ms (cache hit)
452 http cache inherits@https://registry.npmjs.org/inherits/-/inherits-2.0.4.tgz 0ms (cache hit)
453 http cache depd@https://registry.npmjs.org/depd/-/depd-2.0.0.tgz 0ms (cache hit)
454 http cache dunder-proto@https://registry.npmjs.org/dunder-proto/-/dunder-proto-1.0.1.tgz 0ms (cache hit)
455 http cache math-intrinsics@https://registry.npmjs.org/math-intrinsics/-/math-intrinsics-1.1.0.tgz 0ms (cache hit)
456 http cache gopd@https://registry.npmjs.org/gopd/-/gopd-1.2.0.tgz 0ms (cache hit)
457 http cache get-proto@https://registry.npmjs.org/get-proto/-/get-proto-1.0.1.tgz 0ms (cache hit)
458 http cache function-bind@https://registry.npmjs.org/function-bind/-/function-bind-1.1.2.tgz 0ms (cache hit)
459 http cache es-object-atoms@https://registry.npmjs.org/es-object-atoms/-/es-object-atoms-1.1.1.tgz 0ms (cache hit)
460 http cache es-define-property@https://registry.npmjs.org/es-define-property/-/es-define-property-1.0.1.tgz 0ms (cache hit)
461 http cache call-bind-apply-helpers@https://registry.npmjs.org/call-bind-apply-helpers/-/call-bind-apply-helpers-1.0.2.tgz 0ms (cache hit)
462 http cache has-symbols@https://registry.npmjs.org/has-symbols/-/has-symbols-1.1.0.tgz 0ms (cache hit)
463 http cache has-tostringtag@https://registry.npmjs.org/has-tostringtag/-/has-tostringtag-1.0.2.tgz 0ms (cache hit)
464 http cache get-intrinsic@https://registry.npmjs.org/get-intrinsic/-/get-intrinsic-1.3.0.tgz 0ms (cache hit)
465 http cache es-errors@https://registry.npmjs.org/es-errors/-/es-errors-1.3.0.tgz 0ms (cache hit)
466 http cache delayed-stream@https://registry.npmjs.org/delayed-stream/-/delayed-stream-1.0.0.tgz 0ms (cache hit)
467 http cache hasown@https://registry.npmjs.org/hasown/-/hasown-2.0.2.tgz 0ms (cache hit)
468 http cache es-set-tostringtag@https://registry.npmjs.org/es-set-tostringtag/-/es-set-tostringtag-2.1.0.tgz 0ms (cache hit)
469 http cache asynckit@https://registry.npmjs.org/asynckit/-/asynckit-0.4.0.tgz 0ms (cache hit)
470 http cache ms@https://registry.npmjs.org/ms/-/ms-2.1.3.tgz 0ms (cache hit)
471 http cache raw-body@https://registry.npmjs.org/raw-body/-/raw-body-3.0.1.tgz 0ms (cache hit)
472 http cache iconv-lite@https://registry.npmjs.org/iconv-lite/-/iconv-lite-0.6.3.tgz 0ms (cache hit)
473 http cache bytes@https://registry.npmjs.org/bytes/-/bytes-3.1.2.tgz 0ms (cache hit)
474 http cache negotiator@https://registry.npmjs.org/negotiator/-/negotiator-1.0.0.tgz 0ms (cache hit)
475 http cache type-is@https://registry.npmjs.org/type-is/-/type-is-2.0.1.tgz 0ms (cache hit)
476 http cache serve-static@https://registry.npmjs.org/serve-static/-/serve-static-2.2.0.tgz 0ms (cache hit)
477 http cache send@https://registry.npmjs.org/send/-/send-1.2.0.tgz 0ms (cache hit)
478 http cache router@https://registry.npmjs.org/router/-/router-2.2.0.tgz 0ms (cache hit)
479 http cache range-parser@https://registry.npmjs.org/range-parser/-/range-parser-1.2.1.tgz 0ms (cache hit)
480 http cache qs@https://registry.npmjs.org/qs/-/qs-6.14.0.tgz 0ms (cache hit)
481 http cache statuses@https://registry.npmjs.org/statuses/-/statuses-2.0.2.tgz 0ms (cache hit)
482 http cache proxy-addr@https://registry.npmjs.org/proxy-addr/-/proxy-addr-2.0.7.tgz 0ms (cache hit)
483 http cache parseurl@https://registry.npmjs.org/parseurl/-/parseurl-1.3.3.tgz 0ms (cache hit)
484 http cache once@https://registry.npmjs.org/once/-/once-1.4.0.tgz 0ms (cache hit)
485 http cache on-finished@https://registry.npmjs.org/on-finished/-/on-finished-2.4.1.tgz 0ms (cache hit)
486 http cache mime-types@https://registry.npmjs.org/mime-types/-/mime-types-3.0.2.tgz 0ms (cache hit)
487 http cache merge-descriptors@https://registry.npmjs.org/merge-descriptors/-/merge-descriptors-2.0.0.tgz 0ms (cache hit)
488 http cache http-errors@https://registry.npmjs.org/http-errors/-/http-errors-2.0.0.tgz 0ms (cache hit)
489 http cache fresh@https://registry.npmjs.org/fresh/-/fresh-2.0.0.tgz 0ms (cache hit)
490 http cache finalhandler@https://registry.npmjs.org/finalhandler/-/finalhandler-2.1.0.tgz 0ms (cache hit)
491 http cache etag@https://registry.npmjs.org/etag/-/etag-1.8.1.tgz 0ms (cache hit)
492 http cache escape-html@https://registry.npmjs.org/escape-html/-/escape-html-1.0.3.tgz 0ms (cache hit)
493 http cache encodeurl@https://registry.npmjs.org/encodeurl/-/encodeurl-2.0.0.tgz 0ms (cache hit)
494 http cache debug@https://registry.npmjs.org/debug/-/debug-4.4.3.tgz 0ms (cache hit)
495 http cache cookie-signature@https://registry.npmjs.org/cookie-signature/-/cookie-signature-1.2.2.tgz 0ms (cache hit)
496 http cache cookie@https://registry.npmjs.org/cookie/-/cookie-0.7.2.tgz 0ms (cache hit)
497 http cache content-type@https://registry.npmjs.org/content-type/-/content-type-1.0.5.tgz 0ms (cache hit)
498 http cache body-parser@https://registry.npmjs.org/body-parser/-/body-parser-2.2.0.tgz 0ms (cache hit)
499 http cache accepts@https://registry.npmjs.org/accepts/-/accepts-2.0.0.tgz 0ms (cache hit)
500 http cache content-disposition@https://registry.npmjs.org/content-disposition/-/content-disposition-1.0.1.tgz 0ms (cache hit)
501 http cache object-assign@https://registry.npmjs.org/object-assign/-/object-assign-4.1.1.tgz 0ms (cache hit)
502 http cache vary@https://registry.npmjs.org/vary/-/vary-1.1.2.tgz 0ms (cache hit)
503 http cache proxy-from-env@https://registry.npmjs.org/proxy-from-env/-/proxy-from-env-1.1.0.tgz 0ms (cache hit)
504 http cache form-data@https://registry.npmjs.org/form-data/-/form-data-4.0.5.tgz 0ms (cache hit)
505 http cache follow-redirects@https://registry.npmjs.org/follow-redirects/-/follow-redirects-1.15.11.tgz 0ms (cache hit)
506 http cache express@https://registry.npmjs.org/express/-/express-5.1.0.tgz 0ms (cache hit)
507 http cache cors@https://registry.npmjs.org/cors/-/cors-2.8.5.tgz 0ms (cache hit)
508 http cache axios@https://registry.npmjs.org/axios/-/axios-1.13.2.tgz 0ms (cache hit)
509 http cache iconv-lite@https://registry.npmjs.org/iconv-lite/-/iconv-lite-0.7.0.tgz 0ms (cache hit)
510 http cache statuses@https://registry.npmjs.org/statuses/-/statuses-2.0.1.tgz 0ms (cache hit)
511 http cache mime-types@https://registry.npmjs.org/mime-types/-/mime-types-2.1.35.tgz 0ms (cache hit)
512 http cache combined-stream@https://registry.npmjs.org/combined-stream/-/combined-stream-1.0.8.tgz 0ms (cache hit)
513 http cache mime-db@https://registry.npmjs.org/mime-db/-/mime-db-1.52.0.tgz 0ms (cache hit)
514 silly tarball no local data for media-typer@https://registry.npmjs.org/media-typer/-/media-typer-1.1.0.tgz. Extracting by manifest.
515 silly tarball no local data for path-to-regexp@https://registry.npmjs.org/path-to-regexp/-/path-to-regexp-8.3.0.tgz. Extracting by manifest.
516 silly tarball no local data for unpipe@https://registry.npmjs.org/unpipe/-/unpipe-1.0.0.tgz. Extracting by manifest.
517 silly tarball no local data for is-promise@https://registry.npmjs.org/is-promise/-/is-promise-4.0.0.tgz. Extracting by manifest.
518 silly tarball no local data for ipaddr.js@https://registry.npmjs.org/ipaddr.js/-/ipaddr.js-1.9.1.tgz. Extracting by manifest.
519 silly tarball no local data for forwarded@https://registry.npmjs.org/forwarded/-/forwarded-0.2.0.tgz. Extracting by manifest.
520 silly tarball no local data for wrappy@https://registry.npmjs.org/wrappy/-/wrappy-1.0.2.tgz. Extracting by manifest.
521 silly tarball no local data for mime-db@https://registry.npmjs.org/mime-db/-/mime-db-1.54.0.tgz. Extracting by manifest.
522 silly tarball no local data for safer-buffer@https://registry.npmjs.org/safer-buffer/-/safer-buffer-2.1.2.tgz. Extracting by manifest.
523 silly tarball no local data for ee-first@https://registry.npmjs.org/ee-first/-/ee-first-1.1.1.tgz. Extracting by manifest.
524 silly tarball no local data for setprototypeof@https://registry.npmjs.org/setprototypeof/-/setprototypeof-1.2.0.tgz. Extracting by manifest.
525 silly tarball no local data for toidentifier@https://registry.npmjs.org/toidentifier/-/toidentifier-1.0.1.tgz. Extracting by manifest.
526 silly tarball no local data for inherits@https://registry.npmjs.org/inherits/-/inherits-2.0.4.tgz. Extracting by manifest.
527 silly tarball no local data for depd@https://registry.npmjs.org/depd/-/depd-2.0.0.tgz. Extracting by manifest.
528 silly tarball no local data for raw-body@https://registry.npmjs.org/raw-body/-/raw-body-3.0.1.tgz. Extracting by manifest.
529 silly tarball no local data for iconv-lite@https://registry.npmjs.org/iconv-lite/-/iconv-lite-0.6.3.tgz. Extracting by manifest.
530 silly tarball no local data for bytes@https://registry.npmjs.org/bytes/-/bytes-3.1.2.tgz. Extracting by manifest.
531 silly tarball no local data for negotiator@https://registry.npmjs.org/negotiator/-/negotiator-1.0.0.tgz. Extracting by manifest.
532 silly tarball no local data for type-is@https://registry.npmjs.org/type-is/-/type-is-2.0.1.tgz. Extracting by manifest.
533 silly tarball no local data for serve-static@https://registry.npmjs.org/serve-static/-/serve-static-2.2.0.tgz. Extracting by manifest.
534 silly tarball no local data for send@https://registry.npmjs.org/send/-/send-1.2.0.tgz. Extracting by manifest.
535 silly tarball no local data for router@https://registry.npmjs.org/router/-/router-2.2.0.tgz. Extracting by manifest.
536 silly tarball no local data for range-parser@https://registry.npmjs.org/range-parser/-/range-parser-1.2.1.tgz. Extracting by manifest.
537 silly tarball no local data for qs@https://registry.npmjs.org/qs/-/qs-6.14.0.tgz. Extracting by manifest.
538 silly tarball no local data for statuses@https://registry.npmjs.org/statuses/-/statuses-2.0.2.tgz. Extracting by manifest.
539 silly tarball no local data for proxy-addr@https://registry.npmjs.org/proxy-addr/-/proxy-addr-2.0.7.tgz. Extracting by manifest.
540 silly tarball no local data for parseurl@https://registry.npmjs.org/parseurl/-/parseurl-1.3.3.tgz. Extracting by manifest.
541 silly tarball no local data for once@https://registry.npmjs.org/once/-/once-1.4.0.tgz. Extracting by manifest.
542 silly tarball no local data for on-finished@https://registry.npmjs.org/on-finished/-/on-finished-2.4.1.tgz. Extracting by manifest.
543 silly tarball no local data for mime-types@https://registry.npmjs.org/mime-types/-/mime-types-3.0.2.tgz. Extracting by manifest.
544 silly tarball no local data for merge-descriptors@https://registry.npmjs.org/merge-descriptors/-/merge-descriptors-2.0.0.tgz. Extracting by manifest.
545 silly tarball no local data for http-errors@https://registry.npmjs.org/http-errors/-/http-errors-2.0.0.tgz. Extracting by manifest.
546 silly tarball no local data for fresh@https://registry.npmjs.org/fresh/-/fresh-2.0.0.tgz. Extracting by manifest.
547 silly tarball no local data for finalhandler@https://registry.npmjs.org/finalhandler/-/finalhandler-2.1.0.tgz. Extracting by manifest.
548 silly tarball no local data for etag@https://registry.npmjs.org/etag/-/etag-1.8.1.tgz. Extracting by manifest.
549 silly tarball no local data for escape-html@https://registry.npmjs.org/escape-html/-/escape-html-1.0.3.tgz. Extracting by manifest.
550 silly tarball no local data for encodeurl@https://registry.npmjs.org/encodeurl/-/encodeurl-2.0.0.tgz. Extracting by manifest.
551 silly tarball no local data for cookie-signature@https://registry.npmjs.org/cookie-signature/-/cookie-signature-1.2.2.tgz. Extracting by manifest.
552 silly tarball no local data for cookie@https://registry.npmjs.org/cookie/-/cookie-0.7.2.tgz. Extracting by manifest.
553 silly tarball no local data for content-type@https://registry.npmjs.org/content-type/-/content-type-1.0.5.tgz. Extracting by manifest.
554 silly tarball no local data for body-parser@https://registry.npmjs.org/body-parser/-/body-parser-2.2.0.tgz. Extracting by manifest.
555 silly tarball no local data for accepts@https://registry.npmjs.org/accepts/-/accepts-2.0.0.tgz. Extracting by manifest.
556 silly tarball no local data for content-disposition@https://registry.npmjs.org/content-disposition/-/content-disposition-1.0.1.tgz. Extracting by manifest.
557 silly tarball no local data for vary@https://registry.npmjs.org/vary/-/vary-1.1.2.tgz. Extracting by manifest.
558 silly tarball no local data for express@https://registry.npmjs.org/express/-/express-5.1.0.tgz. Extracting by manifest.
559 silly tarball no local data for cors@https://registry.npmjs.org/cors/-/cors-2.8.5.tgz. Extracting by manifest.
560 silly tarball no local data for iconv-lite@https://registry.npmjs.org/iconv-lite/-/iconv-lite-0.7.0.tgz. Extracting by manifest.
561 silly tarball no local data for statuses@https://registry.npmjs.org/statuses/-/statuses-2.0.1.tgz. Extracting by manifest.
562 http fetch GET 200 https://registry.npmjs.org/unpipe/-/unpipe-1.0.0.tgz 114ms (cache miss)
563 http fetch GET 200 https://registry.npmjs.org/wrappy/-/wrappy-1.0.2.tgz 115ms (cache miss)
564 http fetch GET 200 https://registry.npmjs.org/forwarded/-/forwarded-0.2.0.tgz 116ms (cache miss)
565 http fetch GET 200 https://registry.npmjs.org/media-typer/-/media-typer-1.1.0.tgz 117ms (cache miss)
566 http fetch GET 200 https://registry.npmjs.org/is-promise/-/is-promise-4.0.0.tgz 117ms (cache miss)
567 http fetch GET 200 https://registry.npmjs.org/ipaddr.js/-/ipaddr.js-1.9.1.tgz 117ms (cache miss)
568 http fetch GET 200 https://registry.npmjs.org/path-to-regexp/-/path-to-regexp-8.3.0.tgz 117ms (cache miss)
569 http fetch GET 200 https://registry.npmjs.org/mime-db/-/mime-db-1.54.0.tgz 121ms (cache miss)
570 http fetch GET 200 https://registry.npmjs.org/raw-body/-/raw-body-3.0.1.tgz 131ms (cache miss)
571 http fetch GET 200 https://registry.npmjs.org/type-is/-/type-is-2.0.1.tgz 135ms (cache miss)
572 http fetch GET 200 https://registry.npmjs.org/negotiator/-/negotiator-1.0.0.tgz 146ms (cache miss)
573 http fetch GET 200 https://registry.npmjs.org/bytes/-/bytes-3.1.2.tgz 147ms (cache miss)
574 http fetch GET 200 https://registry.npmjs.org/iconv-lite/-/iconv-lite-0.6.3.tgz 151ms (cache miss)
575 http fetch GET 200 https://registry.npmjs.org/depd/-/depd-2.0.0.tgz 155ms (cache miss)
576 http fetch GET 200 https://registry.npmjs.org/send/-/send-1.2.0.tgz 154ms (cache miss)
577 http fetch GET 200 https://registry.npmjs.org/serve-static/-/serve-static-2.2.0.tgz 155ms (cache miss)
578 http fetch POST 200 https://registry.npmjs.org/-/npm/v1/security/advisories/bulk 283ms
579 silly audit report {}
580 http fetch GET 200 https://registry.npmjs.org/range-parser/-/range-parser-1.2.1.tgz 277ms (cache miss)
581 http fetch GET 200 https://registry.npmjs.org/inherits/-/inherits-2.0.4.tgz 280ms (cache miss)
582 http fetch GET 200 https://registry.npmjs.org/statuses/-/statuses-2.0.2.tgz 278ms (cache miss)
583 http fetch GET 200 https://registry.npmjs.org/mime-types/-/mime-types-3.0.2.tgz 279ms (cache miss)
584 http fetch GET 200 https://registry.npmjs.org/parseurl/-/parseurl-1.3.3.tgz 279ms (cache miss)
585 http fetch GET 200 https://registry.npmjs.org/on-finished/-/on-finished-2.4.1.tgz 279ms (cache miss)
586 http fetch GET 200 https://registry.npmjs.org/setprototypeof/-/setprototypeof-1.2.0.tgz 281ms (cache miss)
587 http fetch GET 200 https://registry.npmjs.org/proxy-addr/-/proxy-addr-2.0.7.tgz 279ms (cache miss)
588 http fetch GET 200 https://registry.npmjs.org/once/-/once-1.4.0.tgz 279ms (cache miss)
589 http fetch GET 200 https://registry.npmjs.org/ee-first/-/ee-first-1.1.1.tgz 282ms (cache miss)
590 http fetch GET 200 https://registry.npmjs.org/toidentifier/-/toidentifier-1.0.1.tgz 282ms (cache miss)
591 http fetch GET 200 https://registry.npmjs.org/router/-/router-2.2.0.tgz 280ms (cache miss)
592 http fetch GET 200 https://registry.npmjs.org/safer-buffer/-/safer-buffer-2.1.2.tgz 283ms (cache miss)
593 http fetch GET 200 https://registry.npmjs.org/qs/-/qs-6.14.0.tgz 285ms (cache miss)
594 http fetch GET 200 https://registry.npmjs.org/fresh/-/fresh-2.0.0.tgz 293ms (cache miss)
595 http fetch GET 200 https://registry.npmjs.org/content-type/-/content-type-1.0.5.tgz 315ms (cache miss)
596 http fetch GET 200 https://registry.npmjs.org/http-errors/-/http-errors-2.0.0.tgz 315ms (cache miss)
597 http fetch GET 200 https://registry.npmjs.org/encodeurl/-/encodeurl-2.0.0.tgz 315ms (cache miss)
598 http fetch GET 200 https://registry.npmjs.org/merge-descriptors/-/merge-descriptors-2.0.0.tgz 316ms (cache miss)
599 http fetch GET 200 https://registry.npmjs.org/etag/-/etag-1.8.1.tgz 316ms (cache miss)
600 http fetch GET 200 https://registry.npmjs.org/accepts/-/accepts-2.0.0.tgz 315ms (cache miss)
601 http fetch GET 200 https://registry.npmjs.org/finalhandler/-/finalhandler-2.1.0.tgz 316ms (cache miss)
602 http fetch GET 200 https://registry.npmjs.org/escape-html/-/escape-html-1.0.3.tgz 317ms (cache miss)
603 http fetch GET 200 https://registry.npmjs.org/content-disposition/-/content-disposition-1.0.1.tgz 316ms (cache miss)
604 http fetch GET 200 https://registry.npmjs.org/cookie-signature/-/cookie-signature-1.2.2.tgz 317ms (cache miss)
605 http fetch GET 200 https://registry.npmjs.org/body-parser/-/body-parser-2.2.0.tgz 316ms (cache miss)
606 http fetch GET 200 https://registry.npmjs.org/vary/-/vary-1.1.2.tgz 320ms (cache miss)
607 http fetch GET 200 https://registry.npmjs.org/express/-/express-5.1.0.tgz 322ms (cache miss)
608 http fetch GET 200 https://registry.npmjs.org/cookie/-/cookie-0.7.2.tgz 337ms (cache miss)
609 http fetch GET 200 https://registry.npmjs.org/statuses/-/statuses-2.0.1.tgz 350ms (cache miss)
610 http fetch GET 200 https://registry.npmjs.org/cors/-/cors-2.8.5.tgz 351ms (cache miss)
611 http fetch GET 200 https://registry.npmjs.org/iconv-lite/-/iconv-lite-0.7.0.tgz 355ms (cache miss)
612 silly ADD node_modules/media-typer
613 silly ADD node_modules/call-bound
614 silly ADD node_modules/side-channel-weakmap
615 silly ADD node_modules/side-channel-map
616 silly ADD node_modules/side-channel-list
617 silly ADD node_modules/object-inspect
618 silly ADD node_modules/path-to-regexp
619 silly ADD node_modules/is-promise
620 silly ADD node_modules/unpipe
621 silly ADD node_modules/side-channel
622 silly ADD node_modules/ipaddr.js
623 silly ADD node_modules/forwarded
624 silly ADD node_modules/wrappy
625 silly ADD node_modules/ee-first
626 silly ADD node_modules/mime-db
627 silly ADD node_modules/safer-buffer
628 silly ADD node_modules/toidentifier
629 silly ADD node_modules/setprototypeof
630 silly ADD node_modules/inherits
631 silly ADD node_modules/depd
632 silly ADD node_modules/dunder-proto
633 silly ADD node_modules/math-intrinsics
634 silly ADD node_modules/has-symbols
635 silly ADD node_modules/gopd
636 silly ADD node_modules/get-proto
637 silly ADD node_modules/function-bind
638 silly ADD node_modules/es-object-atoms
639 silly ADD node_modules/es-define-property
640 silly ADD node_modules/call-bind-apply-helpers
641 silly ADD node_modules/has-tostringtag
642 silly ADD node_modules/get-intrinsic
643 silly ADD node_modules/es-errors
644 silly ADD node_modules/delayed-stream
645 silly ADD node_modules/hasown
646 silly ADD node_modules/es-set-tostringtag
647 silly ADD node_modules/combined-stream
648 silly ADD node_modules/asynckit
649 silly ADD node_modules/ms
650 silly ADD node_modules/raw-body
651 silly ADD node_modules/raw-body/node_modules/iconv-lite
652 silly ADD node_modules/iconv-lite
653 silly ADD node_modules/bytes
654 silly ADD node_modules/negotiator
655 silly ADD node_modules/type-is
656 silly ADD node_modules/statuses
657 silly ADD node_modules/serve-static
658 silly ADD node_modules/send
659 silly ADD node_modules/router
660 silly ADD node_modules/range-parser
661 silly ADD node_modules/qs
662 silly ADD node_modules/proxy-addr
663 silly ADD node_modules/parseurl
664 silly ADD node_modules/once
665 silly ADD node_modules/on-finished
666 silly ADD node_modules/mime-types
667 silly ADD node_modules/merge-descriptors
668 silly ADD node_modules/http-errors
669 silly ADD node_modules/http-errors/node_modules/statuses
670 silly ADD node_modules/fresh
671 silly ADD node_modules/finalhandler
672 silly ADD node_modules/etag
673 silly ADD node_modules/escape-html
674 silly ADD node_modules/encodeurl
675 silly ADD node_modules/debug
676 silly ADD node_modules/cookie-signature
677 silly ADD node_modules/cookie
678 silly ADD node_modules/content-type
679 silly ADD node_modules/content-disposition
680 silly ADD node_modules/body-parser
681 silly ADD node_modules/accepts
682 silly ADD node_modules/vary
683 silly ADD node_modules/object-assign
684 silly ADD node_modules/proxy-from-env
685 silly ADD node_modules/form-data
686 silly ADD node_modules/form-data/node_modules/mime-db
687 silly ADD node_modules/form-data/node_modules/mime-types
688 silly ADD node_modules/follow-redirects
689 silly ADD node_modules/express
690 silly ADD node_modules/cors
691 silly ADD node_modules/axios
692 verbose cwd /Users/adityarawat/Desktop/github project/backend/express
693 verbose os Darwin 24.6.0
694 verbose node v23.11.0
695 verbose npm  v10.9.2
696 verbose exit 0
697 info ok
