0 verbose cli /opt/homebrew/Cellar/node/23.11.0/bin/node /opt/homebrew/bin/npm
1 info using npm@10.9.2
2 info using node@v23.11.0
3 silly config load:file:/opt/homebrew/lib/node_modules/npm/npmrc
4 silly config load:file:/Users/adityarawat/Desktop/github project/backend/express/.npmrc
5 silly config load:file:/Users/adityarawat/.npmrc
6 silly config load:file:/opt/homebrew/etc/npmrc
7 verbose title npm install express-validator multer
8 verbose argv "install" "express-validator" "multer"
9 verbose logfile logs-max:10 dir:/Users/adityarawat/Desktop/github project/.npm-cache/_logs/2025-11-20T17_57_24_842Z-
10 verbose logfile /Users/adityarawat/Desktop/github project/.npm-cache/_logs/2025-11-20T17_57_24_842Z-debug-0.log
11 silly logfile start cleaning logs, removing 1 files
12 silly packumentCache heap:4345298944 maxSize:1086324736 maxEntrySize:543162368
13 silly logfile done cleaning log files
14 silly idealTree buildDeps
15 silly fetch manifest express-validator@*
16 silly packumentCache full:https://registry.npmjs.org/express-validator cache-miss
17 http fetch GET 200 https://registry.npmjs.org/express-validator 196ms (cache miss)
18 silly packumentCache full:https://registry.npmjs.org/express-validator set size:undefined disposed:false
19 silly fetch manifest multer@*
20 silly packumentCache full:https://registry.npmjs.org/multer cache-miss
21 http fetch GET 200 https://registry.npmjs.org/multer 46ms (cache miss)
22 silly packumentCache full:https://registry.npmjs.org/multer set size:undefined disposed:false
23 silly placeDep ROOT express-validator@7.3.1 OK for: express-backend@1.0.0 want: *
24 silly placeDep ROOT multer@2.0.2 OK for: express-backend@1.0.0 want: *
25 silly fetch manifest lodash@^4.17.21
26 silly packumentCache full:https://registry.npmjs.org/lodash cache-miss
27 silly fetch manifest validator@~13.15.23
28 silly packumentCache full:https://registry.npmjs.org/validator cache-miss
29 silly fetch manifest append-field@^1.0.0
30 silly packumentCache full:https://registry.npmjs.org/append-field cache-miss
31 silly fetch manifest busboy@^1.6.0
32 silly packumentCache full:https://registry.npmjs.org/busboy cache-miss
33 silly fetch manifest concat-stream@^2.0.0
34 silly packumentCache full:https://registry.npmjs.org/concat-stream cache-miss
35 silly fetch manifest mkdirp@^0.5.6
36 silly packumentCache full:https://registry.npmjs.org/mkdirp cache-miss
37 silly fetch manifest type-is@^1.6.18
38 silly packumentCache full:https://registry.npmjs.org/type-is cache-miss
39 silly fetch manifest xtend@^4.0.2
40 silly packumentCache full:https://registry.npmjs.org/xtend cache-miss
41 http fetch GET 200 https://registry.npmjs.org/lodash 71ms (cache miss)
42 silly packumentCache full:https://registry.npmjs.org/lodash set size:undefined disposed:false
43 http fetch GET 200 https://registry.npmjs.org/validator 110ms (cache miss)
44 silly packumentCache full:https://registry.npmjs.org/validator set size:undefined disposed:false
45 http fetch GET 200 https://registry.npmjs.org/concat-stream 112ms (cache miss)
46 silly packumentCache full:https://registry.npmjs.org/concat-stream set size:undefined disposed:false
47 http fetch GET 200 https://registry.npmjs.org/xtend 114ms (cache miss)
48 silly packumentCache full:https://registry.npmjs.org/xtend set size:undefined disposed:false
49 http fetch GET 200 https://registry.npmjs.org/type-is 122ms (cache revalidated)
50 silly packumentCache full:https://registry.npmjs.org/type-is set size:86196 disposed:false
51 http fetch GET 200 https://registry.npmjs.org/append-field 131ms (cache miss)
52 silly packumentCache full:https://registry.npmjs.org/append-field set size:undefined disposed:false
53 http fetch GET 200 https://registry.npmjs.org/mkdirp 133ms (cache miss)
54 silly packumentCache full:https://registry.npmjs.org/mkdirp set size:undefined disposed:false
55 http fetch GET 200 https://registry.npmjs.org/busboy 176ms (cache miss)
56 silly packumentCache full:https://registry.npmjs.org/busboy set size:undefined disposed:false
57 silly placeDep ROOT lodash@4.17.21 OK for: express-validator@7.3.1 want: ^4.17.21
58 silly placeDep ROOT validator@13.15.23 OK for: express-validator@7.3.1 want: ~13.15.23
59 silly placeDep ROOT append-field@1.0.0 OK for: multer@2.0.2 want: ^1.0.0
60 silly placeDep ROOT busboy@1.6.0 OK for: multer@2.0.2 want: ^1.6.0
61 silly placeDep ROOT concat-stream@2.0.0 OK for: multer@2.0.2 want: ^2.0.0
62 silly placeDep ROOT mkdirp@0.5.6 OK for: multer@2.0.2 want: ^0.5.6
63 silly placeDep node_modules/multer type-is@1.6.18 OK for: multer@2.0.2 want: ^1.6.18
64 silly placeDep ROOT xtend@4.0.2 OK for: multer@2.0.2 want: ^4.0.2
65 silly fetch manifest streamsearch@^1.1.0
66 silly packumentCache full:https://registry.npmjs.org/streamsearch cache-miss
67 silly fetch manifest buffer-from@^1.0.0
68 silly packumentCache full:https://registry.npmjs.org/buffer-from cache-miss
69 silly fetch manifest readable-stream@^3.0.2
70 silly packumentCache full:https://registry.npmjs.org/readable-stream cache-miss
71 silly fetch manifest typedarray@^0.0.6
72 silly packumentCache full:https://registry.npmjs.org/typedarray cache-miss
73 silly fetch manifest minimist@^1.2.6
74 silly packumentCache full:https://registry.npmjs.org/minimist cache-miss
75 silly fetch manifest mime-types@~2.1.24
76 silly packumentCache full:https://registry.npmjs.org/mime-types cache-miss
77 silly fetch manifest media-typer@0.3.0
78 silly packumentCache full:https://registry.npmjs.org/media-typer cache-miss
79 http fetch GET 200 https://registry.npmjs.org/typedarray 43ms (cache miss)
80 silly packumentCache full:https://registry.npmjs.org/typedarray set size:undefined disposed:false
81 http fetch GET 200 https://registry.npmjs.org/mime-types 47ms (cache revalidated)
82 silly packumentCache full:https://registry.npmjs.org/mime-types set size:139110 disposed:false
83 http fetch GET 200 https://registry.npmjs.org/media-typer 51ms (cache revalidated)
84 silly packumentCache full:https://registry.npmjs.org/media-typer set size:20873 disposed:false
85 http fetch GET 200 https://registry.npmjs.org/minimist 52ms (cache revalidated)
86 silly packumentCache full:https://registry.npmjs.org/minimist set size:77082 disposed:false
87 http fetch GET 200 https://registry.npmjs.org/streamsearch 57ms (cache miss)
88 silly packumentCache full:https://registry.npmjs.org/streamsearch set size:undefined disposed:false
89 http fetch GET 200 https://registry.npmjs.org/readable-stream 57ms (cache miss)
90 silly packumentCache full:https://registry.npmjs.org/readable-stream set size:undefined disposed:false
91 http fetch GET 200 https://registry.npmjs.org/buffer-from 73ms (cache miss)
92 silly packumentCache full:https://registry.npmjs.org/buffer-from set size:undefined disposed:false
93 silly placeDep ROOT streamsearch@1.1.0 OK for: busboy@1.6.0 want: ^1.1.0
94 silly placeDep ROOT buffer-from@1.1.2 OK for: concat-stream@2.0.0 want: ^1.0.0
95 silly placeDep ROOT readable-stream@3.6.2 OK for: concat-stream@2.0.0 want: ^3.0.2
96 silly placeDep ROOT typedarray@0.0.6 OK for: concat-stream@2.0.0 want: ^0.0.6
97 silly fetch manifest string_decoder@^1.1.1
98 silly packumentCache full:https://registry.npmjs.org/string_decoder cache-miss
99 silly fetch manifest util-deprecate@^1.0.1
100 silly packumentCache full:https://registry.npmjs.org/util-deprecate cache-miss
101 http fetch GET 200 https://registry.npmjs.org/string_decoder 43ms (cache miss)
102 silly packumentCache full:https://registry.npmjs.org/string_decoder set size:undefined disposed:false
103 http fetch GET 200 https://registry.npmjs.org/util-deprecate 50ms (cache miss)
104 silly packumentCache full:https://registry.npmjs.org/util-deprecate set size:undefined disposed:false
105 silly placeDep ROOT minimist@1.2.8 OK for: mkdirp@0.5.6 want: ^1.2.6
106 silly placeDep ROOT string_decoder@1.3.0 OK for: readable-stream@3.6.2 want: ^1.1.1
107 silly placeDep ROOT util-deprecate@1.0.2 OK for: readable-stream@3.6.2 want: ^1.0.1
108 silly fetch manifest safe-buffer@~5.2.0
109 silly packumentCache full:https://registry.npmjs.org/safe-buffer cache-miss
110 http fetch GET 200 https://registry.npmjs.org/safe-buffer 65ms (cache miss)
111 silly packumentCache full:https://registry.npmjs.org/safe-buffer set size:undefined disposed:false
112 silly placeDep ROOT safe-buffer@5.2.1 OK for: string_decoder@1.3.0 want: ~5.2.0
113 silly placeDep node_modules/multer media-typer@0.3.0 OK for: type-is@1.6.18 want: 0.3.0
114 silly placeDep node_modules/multer mime-types@2.1.35 OK for: type-is@1.6.18 want: ~2.1.24
115 silly fetch manifest mime-db@1.52.0
116 silly packumentCache full:https://registry.npmjs.org/mime-db cache-miss
117 http fetch GET 200 https://registry.npmjs.org/mime-db 51ms (cache revalidated)
118 silly packumentCache full:https://registry.npmjs.org/mime-db set size:164953 disposed:false
119 silly placeDep node_modules/multer mime-db@1.52.0 OK for: mime-types@2.1.35 want: 1.52.0
120 silly reify moves {}
121 silly audit bulk request {
121 silly audit   accepts: [ '2.0.0' ],
121 silly audit   anymatch: [ '3.1.3' ],
121 silly audit   asynckit: [ '0.4.0' ],
121 silly audit   axios: [ '1.13.2' ],
121 silly audit   'balanced-match': [ '1.0.2' ],
121 silly audit   'binary-extensions': [ '2.3.0' ],
121 silly audit   'body-parser': [ '2.2.0' ],
121 silly audit   'brace-expansion': [ '1.1.12' ],
121 silly audit   braces: [ '3.0.3' ],
121 silly audit   bytes: [ '3.1.2' ],
121 silly audit   'call-bind-apply-helpers': [ '1.0.2' ],
121 silly audit   'call-bound': [ '1.0.4' ],
121 silly audit   chokidar: [ '3.6.0' ],
121 silly audit   'combined-stream': [ '1.0.8' ],
121 silly audit   'concat-map': [ '0.0.1' ],
121 silly audit   'content-disposition': [ '1.0.1' ],
121 silly audit   'content-type': [ '1.0.5' ],
121 silly audit   cookie: [ '0.7.2' ],
121 silly audit   'cookie-signature': [ '1.2.2' ],
121 silly audit   cors: [ '2.8.5' ],
121 silly audit   debug: [ '4.4.3' ],
121 silly audit   'delayed-stream': [ '1.0.0' ],
121 silly audit   depd: [ '2.0.0' ],
121 silly audit   'dunder-proto': [ '1.0.1' ],
121 silly audit   'ee-first': [ '1.1.1' ],
121 silly audit   encodeurl: [ '2.0.0' ],
121 silly audit   'es-define-property': [ '1.0.1' ],
121 silly audit   'es-errors': [ '1.3.0' ],
121 silly audit   'es-object-atoms': [ '1.1.1' ],
121 silly audit   'es-set-tostringtag': [ '2.1.0' ],
121 silly audit   'escape-html': [ '1.0.3' ],
121 silly audit   etag: [ '1.8.1' ],
121 silly audit   express: [ '5.1.0' ],
121 silly audit   'fill-range': [ '7.1.1' ],
121 silly audit   finalhandler: [ '2.1.0' ],
121 silly audit   'follow-redirects': [ '1.15.11' ],
121 silly audit   'form-data': [ '4.0.5' ],
121 silly audit   'mime-db': [ '1.52.0', '1.54.0' ],
121 silly audit   'mime-types': [ '2.1.35', '3.0.2' ],
121 silly audit   forwarded: [ '0.2.0' ],
121 silly audit   fresh: [ '2.0.0' ],
121 silly audit   fsevents: [ '2.3.3' ],
121 silly audit   'function-bind': [ '1.1.2' ],
121 silly audit   'get-intrinsic': [ '1.3.0' ],
121 silly audit   'get-proto': [ '1.0.1' ],
121 silly audit   'glob-parent': [ '5.1.2' ],
121 silly audit   gopd: [ '1.2.0' ],
121 silly audit   'has-flag': [ '3.0.0' ],
121 silly audit   'has-symbols': [ '1.1.0' ],
121 silly audit   'has-tostringtag': [ '1.0.2' ],
121 silly audit   hasown: [ '2.0.2' ],
121 silly audit   'http-errors': [ '2.0.0' ],
121 silly audit   statuses: [ '2.0.1', '2.0.2' ],
121 silly audit   'iconv-lite': [ '0.6.3', '0.7.0' ],
121 silly audit   'ignore-by-default': [ '1.0.1' ],
121 silly audit   inherits: [ '2.0.4' ],
121 silly audit   'ipaddr.js': [ '1.9.1' ],
121 silly audit   'is-binary-path': [ '2.1.0' ],
121 silly audit   'is-extglob': [ '2.1.1' ],
121 silly audit   'is-glob': [ '4.0.3' ],
121 silly audit   'is-number': [ '7.0.0' ],
121 silly audit   'is-promise': [ '4.0.0' ],
121 silly audit   'math-intrinsics': [ '1.1.0' ],
121 silly audit   'media-typer': [ '1.1.0', '0.3.0' ],
121 silly audit   'merge-descriptors': [ '2.0.0' ],
121 silly audit   minimatch: [ '3.1.2' ],
121 silly audit   ms: [ '2.1.3' ],
121 silly audit   negotiator: [ '1.0.0' ],
121 silly audit   nodemon: [ '3.1.11' ],
121 silly audit   'normalize-path': [ '3.0.0' ],
121 silly audit   'object-assign': [ '4.1.1' ],
121 silly audit   'object-inspect': [ '1.13.4' ],
121 silly audit   'on-finished': [ '2.4.1' ],
121 silly audit   once: [ '1.4.0' ],
121 silly audit   parseurl: [ '1.3.3' ],
121 silly audit   'path-to-regexp': [ '8.3.0' ],
121 silly audit   picomatch: [ '2.3.1' ],
121 silly audit   'proxy-addr': [ '2.0.7' ],
121 silly audit   'proxy-from-env': [ '1.1.0' ],
121 silly audit   'pstree.remy': [ '1.1.8' ],
121 silly audit   qs: [ '6.14.0' ],
121 silly audit   'range-parser': [ '1.2.1' ],
121 silly audit   'raw-body': [ '3.0.1' ],
121 silly audit   readdirp: [ '3.6.0' ],
121 silly audit   router: [ '2.2.0' ],
121 silly audit   'safer-buffer': [ '2.1.2' ],
121 silly audit   semver: [ '7.7.3' ],
121 silly audit   send: [ '1.2.0' ],
121 silly audit   'serve-static': [ '2.2.0' ],
121 silly audit   setprototypeof: [ '1.2.0' ],
121 silly audit   'side-channel': [ '1.1.0' ],
121 silly audit   'side-channel-list': [ '1.0.0' ],
121 silly audit   'side-channel-map': [ '1.0.1' ],
121 silly audit   'side-channel-weakmap': [ '1.0.2' ],
121 silly audit   'simple-update-notifier': [ '2.0.0' ],
121 silly audit   'supports-color': [ '5.5.0' ],
121 silly audit   'to-regex-range': [ '5.0.1' ],
121 silly audit   toidentifier: [ '1.0.1' ],
121 silly audit   touch: [ '3.1.1' ],
121 silly audit   'type-is': [ '2.0.1', '1.6.18' ],
121 silly audit   undefsafe: [ '2.0.5' ],
121 silly audit   unpipe: [ '1.0.0' ],
121 silly audit   vary: [ '1.1.2' ],
121 silly audit   wrappy: [ '1.0.2' ],
121 silly audit   'express-validator': [ '7.3.1' ],
121 silly audit   multer: [ '2.0.2' ],
121 silly audit   lodash: [ '4.17.21' ],
121 silly audit   validator: [ '13.15.23' ],
121 silly audit   'append-field': [ '1.0.0' ],
121 silly audit   busboy: [ '1.6.0' ],
121 silly audit   'concat-stream': [ '2.0.0' ],
121 silly audit   mkdirp: [ '0.5.6' ],
121 silly audit   xtend: [ '4.0.2' ],
121 silly audit   streamsearch: [ '1.1.0' ],
121 silly audit   'buffer-from': [ '1.1.2' ],
121 silly audit   'readable-stream': [ '3.6.2' ],
121 silly audit   typedarray: [ '0.0.6' ],
121 silly audit   minimist: [ '1.2.8' ],
121 silly audit   string_decoder: [ '1.3.0' ],
121 silly audit   'util-deprecate': [ '1.0.2' ],
121 silly audit   'safe-buffer': [ '5.2.1' ]
121 silly audit }
122 http cache util-deprecate@https://registry.npmjs.org/util-deprecate/-/util-deprecate-1.0.2.tgz 0ms (cache hit)
123 http cache typedarray@https://registry.npmjs.org/typedarray/-/typedarray-0.0.6.tgz 0ms (cache hit)
124 http cache safe-buffer@https://registry.npmjs.org/safe-buffer/-/safe-buffer-5.2.1.tgz 0ms (cache hit)
125 http cache readable-stream@https://registry.npmjs.org/readable-stream/-/readable-stream-3.6.2.tgz 0ms (cache hit)
126 http cache streamsearch@https://registry.npmjs.org/streamsearch/-/streamsearch-1.1.0.tgz 0ms (cache hit)
127 http cache buffer-from@https://registry.npmjs.org/buffer-from/-/buffer-from-1.1.2.tgz 0ms (cache hit)
128 http cache xtend@https://registry.npmjs.org/xtend/-/xtend-4.0.2.tgz 0ms (cache hit)
129 http cache mkdirp@https://registry.npmjs.org/mkdirp/-/mkdirp-0.5.6.tgz 0ms (cache hit)
130 http cache concat-stream@https://registry.npmjs.org/concat-stream/-/concat-stream-2.0.0.tgz 0ms (cache hit)
131 http cache busboy@https://registry.npmjs.org/busboy/-/busboy-1.6.0.tgz 0ms (cache hit)
132 http cache append-field@https://registry.npmjs.org/append-field/-/append-field-1.0.0.tgz 0ms (cache hit)
133 http cache validator@https://registry.npmjs.org/validator/-/validator-13.15.23.tgz 0ms (cache hit)
134 http cache lodash@https://registry.npmjs.org/lodash/-/lodash-4.17.21.tgz 0ms (cache hit)
135 http cache string_decoder@https://registry.npmjs.org/string_decoder/-/string_decoder-1.3.0.tgz 0ms (cache hit)
136 http cache express-validator@https://registry.npmjs.org/express-validator/-/express-validator-7.3.1.tgz 0ms (cache hit)
137 http cache multer@https://registry.npmjs.org/multer/-/multer-2.0.2.tgz 0ms (cache hit)
138 http cache minimist@https://registry.npmjs.org/minimist/-/minimist-1.2.8.tgz 0ms (cache hit)
139 http cache media-typer@https://registry.npmjs.org/media-typer/-/media-typer-0.3.0.tgz 0ms (cache hit)
140 http cache type-is@https://registry.npmjs.org/type-is/-/type-is-1.6.18.tgz 0ms (cache hit)
141 http cache fsevents@https://registry.npmjs.org/fsevents/-/fsevents-2.3.3.tgz 0ms (cache hit)
142 http cache mime-types@https://registry.npmjs.org/mime-types/-/mime-types-2.1.35.tgz 0ms (cache hit)
143 http cache mime-db@https://registry.npmjs.org/mime-db/-/mime-db-1.52.0.tgz 0ms (cache hit)
144 silly tarball no local data for util-deprecate@https://registry.npmjs.org/util-deprecate/-/util-deprecate-1.0.2.tgz. Extracting by manifest.
145 silly tarball no local data for typedarray@https://registry.npmjs.org/typedarray/-/typedarray-0.0.6.tgz. Extracting by manifest.
146 silly tarball no local data for safe-buffer@https://registry.npmjs.org/safe-buffer/-/safe-buffer-5.2.1.tgz. Extracting by manifest.
147 silly tarball no local data for readable-stream@https://registry.npmjs.org/readable-stream/-/readable-stream-3.6.2.tgz. Extracting by manifest.
148 silly tarball no local data for streamsearch@https://registry.npmjs.org/streamsearch/-/streamsearch-1.1.0.tgz. Extracting by manifest.
149 silly tarball no local data for buffer-from@https://registry.npmjs.org/buffer-from/-/buffer-from-1.1.2.tgz. Extracting by manifest.
150 silly tarball no local data for xtend@https://registry.npmjs.org/xtend/-/xtend-4.0.2.tgz. Extracting by manifest.
151 silly tarball no local data for mkdirp@https://registry.npmjs.org/mkdirp/-/mkdirp-0.5.6.tgz. Extracting by manifest.
152 silly tarball no local data for concat-stream@https://registry.npmjs.org/concat-stream/-/concat-stream-2.0.0.tgz. Extracting by manifest.
153 silly tarball no local data for busboy@https://registry.npmjs.org/busboy/-/busboy-1.6.0.tgz. Extracting by manifest.
154 silly tarball no local data for append-field@https://registry.npmjs.org/append-field/-/append-field-1.0.0.tgz. Extracting by manifest.
155 silly tarball no local data for validator@https://registry.npmjs.org/validator/-/validator-13.15.23.tgz. Extracting by manifest.
156 silly tarball no local data for lodash@https://registry.npmjs.org/lodash/-/lodash-4.17.21.tgz. Extracting by manifest.
157 silly tarball no local data for string_decoder@https://registry.npmjs.org/string_decoder/-/string_decoder-1.3.0.tgz. Extracting by manifest.
158 silly tarball no local data for express-validator@https://registry.npmjs.org/express-validator/-/express-validator-7.3.1.tgz. Extracting by manifest.
159 silly tarball no local data for multer@https://registry.npmjs.org/multer/-/multer-2.0.2.tgz. Extracting by manifest.
160 silly tarball no local data for media-typer@https://registry.npmjs.org/media-typer/-/media-typer-0.3.0.tgz. Extracting by manifest.
161 silly tarball no local data for type-is@https://registry.npmjs.org/type-is/-/type-is-1.6.18.tgz. Extracting by manifest.
162 http fetch GET 200 https://registry.npmjs.org/buffer-from/-/buffer-from-1.1.2.tgz 66ms (cache miss)
163 http fetch GET 200 https://registry.npmjs.org/xtend/-/xtend-4.0.2.tgz 68ms (cache miss)
164 http fetch GET 200 https://registry.npmjs.org/util-deprecate/-/util-deprecate-1.0.2.tgz 69ms (cache miss)
165 http fetch GET 200 https://registry.npmjs.org/streamsearch/-/streamsearch-1.1.0.tgz 69ms (cache miss)
166 http fetch GET 200 https://registry.npmjs.org/typedarray/-/typedarray-0.0.6.tgz 70ms (cache miss)
167 http fetch GET 200 https://registry.npmjs.org/safe-buffer/-/safe-buffer-5.2.1.tgz 71ms (cache miss)
168 http fetch GET 200 https://registry.npmjs.org/readable-stream/-/readable-stream-3.6.2.tgz 73ms (cache miss)
169 http fetch GET 200 https://registry.npmjs.org/express-validator/-/express-validator-7.3.1.tgz 93ms (cache miss)
170 http fetch GET 200 https://registry.npmjs.org/media-typer/-/media-typer-0.3.0.tgz 95ms (cache miss)
171 http fetch GET 200 https://registry.npmjs.org/string_decoder/-/string_decoder-1.3.0.tgz 102ms (cache miss)
172 http fetch GET 200 https://registry.npmjs.org/concat-stream/-/concat-stream-2.0.0.tgz 104ms (cache miss)
173 http fetch POST 200 https://registry.npmjs.org/-/npm/v1/security/advisories/bulk 120ms
174 silly audit report {}
175 http fetch GET 200 https://registry.npmjs.org/type-is/-/type-is-1.6.18.tgz 108ms (cache miss)
176 http fetch GET 200 https://registry.npmjs.org/multer/-/multer-2.0.2.tgz 115ms (cache miss)
177 http fetch GET 200 https://registry.npmjs.org/append-field/-/append-field-1.0.0.tgz 122ms (cache miss)
178 http fetch GET 200 https://registry.npmjs.org/busboy/-/busboy-1.6.0.tgz 152ms (cache miss)
179 http fetch GET 200 https://registry.npmjs.org/mkdirp/-/mkdirp-0.5.6.tgz 177ms (cache miss)
180 http fetch GET 200 https://registry.npmjs.org/validator/-/validator-13.15.23.tgz 176ms (cache miss)
181 http fetch GET 200 https://registry.npmjs.org/lodash/-/lodash-4.17.21.tgz 255ms (cache miss)
182 silly ADD node_modules/safe-buffer
183 silly ADD node_modules/util-deprecate
184 silly ADD node_modules/string_decoder
185 silly ADD node_modules/minimist
186 silly ADD node_modules/typedarray
187 silly ADD node_modules/readable-stream
188 silly ADD node_modules/buffer-from
189 silly ADD node_modules/streamsearch
190 silly ADD node_modules/xtend
191 silly ADD node_modules/mkdirp
192 silly ADD node_modules/concat-stream
193 silly ADD node_modules/busboy
194 silly ADD node_modules/append-field
195 silly ADD node_modules/validator
196 silly ADD node_modules/lodash
197 silly ADD node_modules/multer
198 silly ADD node_modules/multer/node_modules/mime-db
199 silly ADD node_modules/multer/node_modules/mime-types
200 silly ADD node_modules/multer/node_modules/media-typer
201 silly ADD node_modules/multer/node_modules/type-is
202 silly ADD node_modules/express-validator
203 silly ADD node_modules/fsevents
204 verbose cwd /Users/adityarawat/Desktop/github project/backend/express
205 verbose os Darwin 24.6.0
206 verbose node v23.11.0
207 verbose npm  v10.9.2
208 verbose exit 0
209 info ok
